2015-01-27 12:51:17.145 BlueCarbonMobile[82170:21171578] DiskCookieStorage changing policy from 2 to 0, cookie file: file:///Users/andrea/Library/Developer/CoreSimulator/Devices/5E19B371-E761-485F-AF79-289B33EADEEF/data/Containers/Data/Application/6A2F90D6-83B6-44C5-ABF9-675E25758F7A/Library/Cookies/Cookies.binarycookies
2015-01-27 12:51:17.412 BlueCarbonMobile[82170:21171578] Apache Cordova native platform version 3.7.0 is starting.
2015-01-27 12:51:17.413 BlueCarbonMobile[82170:21171578] Multi-tasking -> Device: YES, App: YES
2015-01-27 12:51:17.426 BlueCarbonMobile[82170:21171578] Unlimited access to network resources
2015-01-27 12:51:17.436 BlueCarbonMobile[82170:21171578] 

Started backup to iCloud! Please be careful.
Your application might be rejected by Apple if you store too much data.
For more information please read "iOS Data Storage Guidelines" at:
https://developer.apple.com/icloud/documentation/data-storage/
To disable web storage backup to iCloud, set the BackupWebStorage preference to "local" in the Cordova config.xml file

2015-01-27 12:51:18.758 BlueCarbonMobile[82170:21171578] Resetting plugins due to page load.
2015-01-27 12:51:18.901 BlueCarbonMobile[82170:21171578] Finished load of: file:///Users/andrea/Library/Developer/CoreSimulator/Devices/5E19B371-E761-485F-AF79-289B33EADEEF/data/Containers/Bundle/Application/50C79413-6768-4A6A-9B69-34E9B9D65B82/BlueCarbonMobile.app/www/index.html
2015-01-27 13:47:05.757 BlueCarbonMobile[35654:21264214] DiskCookieStorage changing policy from 2 to 0, cookie file: file:///Users/andrea/Library/Developer/CoreSimulator/Devices/5E19B371-E761-485F-AF79-289B33EADEEF/data/Containers/Data/Application/B16F6C70-946E-4356-B4EC-EE73071C7DD7/Library/Cookies/Cookies.binarycookies
2015-01-27 13:47:06.051 BlueCarbonMobile[35654:21264214] Apache Cordova native platform version 3.7.0 is starting.
2015-01-27 13:47:06.053 BlueCarbonMobile[35654:21264214] Multi-tasking -> Device: YES, App: YES
2015-01-27 13:47:06.066 BlueCarbonMobile[35654:21264214] Unlimited access to network resources
2015-01-27 13:47:06.074 BlueCarbonMobile[35654:21264214] 

Started backup to iCloud! Please be careful.
Your application might be rejected by Apple if you store too much data.
For more information please read "iOS Data Storage Guidelines" at:
https://developer.apple.com/icloud/documentation/data-storage/
To disable web storage backup to iCloud, set the BackupWebStorage preference to "local" in the Cordova config.xml file

2015-01-27 13:47:06.693 BlueCarbonMobile[35654:21264214] Resetting plugins due to page load.
2015-01-27 13:47:06.790 BlueCarbonMobile[35654:21264214] Finished load of: file:///Users/andrea/Library/Developer/CoreSimulator/Devices/5E19B371-E761-485F-AF79-289B33EADEEF/data/Containers/Bundle/Application/DC3824D6-8188-409F-8FA0-64D7293F11C5/BlueCarbonMobile.app/www/index.html
2015-01-27 13:48:19.623 BlueCarbonMobile[36730:21267315] DiskCookieStorage changing policy from 2 to 0, cookie file: file:///Users/andrea/Library/Developer/CoreSimulator/Devices/4179A0C9-7932-45E4-BA8D-45C9AFB2B825/data/Containers/Data/Application/17759993-8AAD-479D-9276-C6E80F931063/Library/Cookies/Cookies.binarycookies
2015-01-27 13:48:19.746 BlueCarbonMobile[36730:21267315] Apache Cordova native platform version 3.7.0 is starting.
2015-01-27 13:48:19.747 BlueCarbonMobile[36730:21267315] Multi-tasking -> Device: YES, App: YES
2015-01-27 13:48:19.749 BlueCarbonMobile[36730:21267315] Unlimited access to network resources
2015-01-27 13:48:19.751 BlueCarbonMobile[36730:21267315] 

Started backup to iCloud! Please be careful.
Your application might be rejected by Apple if you store too much data.
For more information please read "iOS Data Storage Guidelines" at:
https://developer.apple.com/icloud/documentation/data-storage/
To disable web storage backup to iCloud, set the BackupWebStorage preference to "local" in the Cordova config.xml file

2015-01-27 13:48:20.711 BlueCarbonMobile[36730:21267315] Resetting plugins due to page load.
2015-01-27 13:48:20.810 BlueCarbonMobile[36730:21267315] Finished load of: file:///Users/andrea/Library/Developer/CoreSimulator/Devices/4179A0C9-7932-45E4-BA8D-45C9AFB2B825/data/Containers/Bundle/Application/2FEBD1F0-D437-4A58-9C08-3F0274C43E77/BlueCarbonMobile.app/www/index.html
2015-01-27 14:04:01.547 BlueCarbonMobile[67290:21311344] DiskCookieStorage changing policy from 2 to 0, cookie file: file:///Users/andrea/Library/Developer/CoreSimulator/Devices/4179A0C9-7932-45E4-BA8D-45C9AFB2B825/data/Containers/Data/Application/35A1ECC7-8987-4F39-B1A3-75501044BD18/Library/Cookies/Cookies.binarycookies
2015-01-27 14:04:01.907 BlueCarbonMobile[67290:21311344] Apache Cordova native platform version 3.7.0 is starting.
2015-01-27 14:04:01.907 BlueCarbonMobile[67290:21311344] Multi-tasking -> Device: YES, App: YES
2015-01-27 14:04:01.925 BlueCarbonMobile[67290:21311344] Unlimited access to network resources
2015-01-27 14:04:01.934 BlueCarbonMobile[67290:21311344] 

Started backup to iCloud! Please be careful.
Your application might be rejected by Apple if you store too much data.
For more information please read "iOS Data Storage Guidelines" at:
https://developer.apple.com/icloud/documentation/data-storage/
To disable web storage backup to iCloud, set the BackupWebStorage preference to "local" in the Cordova config.xml file

2015-01-27 14:04:02.692 BlueCarbonMobile[67290:21311344] Resetting plugins due to page load.
2015-01-27 14:04:29.972 BlueCarbonMobile[67290:21311501] void SendDelegateMessage(NSInvocation *): delegate (webView:runJavaScriptAlertPanelWithMessage:initiatedByFrame:) failed to return after waiting 10 seconds. main run loop mode: kCFRunLoopDefaultMode
2015-01-27 14:06:41.257 BlueCarbonMobile[74120:21321070] DiskCookieStorage changing policy from 2 to 0, cookie file: file:///Users/andrea/Library/Developer/CoreSimulator/Devices/4179A0C9-7932-45E4-BA8D-45C9AFB2B825/data/Containers/Data/Application/961C4D0E-DD8D-4BDF-AA56-F1C5C8C519BB/Library/Cookies/Cookies.binarycookies
2015-01-27 14:06:41.372 BlueCarbonMobile[74120:21321070] Apache Cordova native platform version 3.7.0 is starting.
2015-01-27 14:06:41.373 BlueCarbonMobile[74120:21321070] Multi-tasking -> Device: YES, App: YES
2015-01-27 14:06:41.374 BlueCarbonMobile[74120:21321070] Unlimited access to network resources
2015-01-27 14:06:41.376 BlueCarbonMobile[74120:21321070] 

Started backup to iCloud! Please be careful.
Your application might be rejected by Apple if you store too much data.
For more information please read "iOS Data Storage Guidelines" at:
https://developer.apple.com/icloud/documentation/data-storage/
To disable web storage backup to iCloud, set the BackupWebStorage preference to "local" in the Cordova config.xml file

2015-01-27 14:06:41.729 BlueCarbonMobile[74120:21321070] Resetting plugins due to page load.
2015-01-27 14:06:41.984 BlueCarbonMobile[74120:21321070] Finished load of: file:///Users/andrea/Library/Developer/CoreSimulator/Devices/4179A0C9-7932-45E4-BA8D-45C9AFB2B825/data/Containers/Bundle/Application/C3F18E99-7DD5-4B39-BBA9-111908DE161D/BlueCarbonMobile.app/www/index.html
2015-01-27 14:06:42.015 BlueCarbonMobile[74120:21321070] Detected docs path: /Users/andrea/Library/Developer/CoreSimulator/Devices/4179A0C9-7932-45E4-BA8D-45C9AFB2B825/data/Containers/Data/Application/961C4D0E-DD8D-4BDF-AA56-F1C5C8C519BB/Documents
2015-01-27 14:06:42.029 BlueCarbonMobile[74120:21321070] Good news: SQLite is thread safe!
2015-01-27 14:06:42.030 BlueCarbonMobile[74120:21321070] THREAD WARNING: ['SQLitePlugin'] took '15.422119' ms. Plugin should use a background thread.
2015-01-27 14:06:58.467 BlueCarbonMobile[74120:21321180] void SendDelegateMessage(NSInvocation *): delegate (webView:runJavaScriptAlertPanelWithMessage:initiatedByFrame:) failed to return after waiting 10 seconds. main run loop mode: kCFRunLoopDefaultMode
2015-01-27 14:07:23.706 BlueCarbonMobile[78556:21326794] DiskCookieStorage changing policy from 2 to 0, cookie file: file:///Users/andrea/Library/Developer/CoreSimulator/Devices/4179A0C9-7932-45E4-BA8D-45C9AFB2B825/data/Containers/Data/Application/B8BA0476-076A-43E1-89DD-AE842C5A90A2/Library/Cookies/Cookies.binarycookies
2015-01-27 14:07:23.773 BlueCarbonMobile[78556:21326794] Apache Cordova native platform version 3.7.0 is starting.
2015-01-27 14:07:23.774 BlueCarbonMobile[78556:21326794] Multi-tasking -> Device: YES, App: YES
2015-01-27 14:07:23.775 BlueCarbonMobile[78556:21326794] Unlimited access to network resources
2015-01-27 14:07:23.777 BlueCarbonMobile[78556:21326794] 

Started backup to iCloud! Please be careful.
Your application might be rejected by Apple if you store too much data.
For more information please read "iOS Data Storage Guidelines" at:
https://developer.apple.com/icloud/documentation/data-storage/
To disable web storage backup to iCloud, set the BackupWebStorage preference to "local" in the Cordova config.xml file

2015-01-27 14:07:24.060 BlueCarbonMobile[78556:21326794] Resetting plugins due to page load.
2015-01-27 14:07:24.230 BlueCarbonMobile[78556:21326794] Finished load of: file:///Users/andrea/Library/Developer/CoreSimulator/Devices/4179A0C9-7932-45E4-BA8D-45C9AFB2B825/data/Containers/Bundle/Application/26F613EB-C17D-4E18-A824-038E482297DD/BlueCarbonMobile.app/www/index.html
2015-01-27 14:07:24.295 BlueCarbonMobile[78556:21326794] Detected docs path: /Users/andrea/Library/Developer/CoreSimulator/Devices/4179A0C9-7932-45E4-BA8D-45C9AFB2B825/data/Containers/Data/Application/B8BA0476-076A-43E1-89DD-AE842C5A90A2/Documents
2015-01-27 14:07:24.296 BlueCarbonMobile[78556:21326794] Good news: SQLite is thread safe!
2015-01-27 14:18:50.840 BlueCarbonMobile[92053:21348780] DiskCookieStorage changing policy from 2 to 0, cookie file: file:///Users/andrea/Library/Developer/CoreSimulator/Devices/4179A0C9-7932-45E4-BA8D-45C9AFB2B825/data/Containers/Data/Application/20CF3FCA-3035-44D0-9E54-AE3DC80B6831/Library/Cookies/Cookies.binarycookies
2015-01-27 14:18:50.963 BlueCarbonMobile[92053:21348780] Apache Cordova native platform version 3.7.0 is starting.
2015-01-27 14:18:50.963 BlueCarbonMobile[92053:21348780] Multi-tasking -> Device: YES, App: YES
2015-01-27 14:18:50.964 BlueCarbonMobile[92053:21348780] Unlimited access to network resources
2015-01-27 14:18:50.966 BlueCarbonMobile[92053:21348780] 

Started backup to iCloud! Please be careful.
Your application might be rejected by Apple if you store too much data.
For more information please read "iOS Data Storage Guidelines" at:
https://developer.apple.com/icloud/documentation/data-storage/
To disable web storage backup to iCloud, set the BackupWebStorage preference to "local" in the Cordova config.xml file

2015-01-27 14:18:51.185 BlueCarbonMobile[92053:21348780] [CDVTimer][file] 17.086029ms
2015-01-27 14:18:51.186 BlueCarbonMobile[92053:21348780] [CDVTimer][TotalPluginStartup] 17.297983ms
2015-01-27 14:18:51.429 BlueCarbonMobile[92053:21348780] Resetting plugins due to page load.
2015-01-27 14:18:51.556 BlueCarbonMobile[92053:21348780] Finished load of: file:///Users/andrea/Library/Developer/CoreSimulator/Devices/4179A0C9-7932-45E4-BA8D-45C9AFB2B825/data/Containers/Bundle/Application/2B4FB1ED-F84F-4FF2-8C5C-C9FFF4A769C6/BlueCarbonMobile.app/www/index.html
2015-01-27 14:21:18.701 BlueCarbonMobile[92053:21348883] void SendDelegateMessage(NSInvocation *): delegate (webView:runJavaScriptAlertPanelWithMessage:initiatedByFrame:) failed to return after waiting 10 seconds. main run loop mode: kCFRunLoopDefaultMode
2015-01-27 14:21:18.707 BlueCarbonMobile[92053:21348780] Detected docs path: /Users/andrea/Library/Developer/CoreSimulator/Devices/4179A0C9-7932-45E4-BA8D-45C9AFB2B825/data/Containers/Data/Application/20CF3FCA-3035-44D0-9E54-AE3DC80B6831/Documents
2015-01-27 14:21:18.709 BlueCarbonMobile[92053:21348780] Good news: SQLite is thread safe!
2015-01-27 14:21:47.873 BlueCarbonMobile[99255:21358441] DiskCookieStorage changing policy from 2 to 0, cookie file: file:///Users/andrea/Library/Developer/CoreSimulator/Devices/4179A0C9-7932-45E4-BA8D-45C9AFB2B825/data/Containers/Data/Application/6B3477C1-EE58-4335-A5B3-BBB3DA199A3A/Library/Cookies/Cookies.binarycookies
2015-01-27 14:21:47.999 BlueCarbonMobile[99255:21358441] Apache Cordova native platform version 3.7.0 is starting.
2015-01-27 14:21:48.000 BlueCarbonMobile[99255:21358441] Multi-tasking -> Device: YES, App: YES
2015-01-27 14:21:48.001 BlueCarbonMobile[99255:21358441] Unlimited access to network resources
2015-01-27 14:21:48.003 BlueCarbonMobile[99255:21358441] 

Started backup to iCloud! Please be careful.
Your application might be rejected by Apple if you store too much data.
For more information please read "iOS Data Storage Guidelines" at:
https://developer.apple.com/icloud/documentation/data-storage/
To disable web storage backup to iCloud, set the BackupWebStorage preference to "local" in the Cordova config.xml file

2015-01-27 14:21:48.179 BlueCarbonMobile[99255:21358441] [CDVTimer][file] 8.459985ms
2015-01-27 14:21:48.179 BlueCarbonMobile[99255:21358441] [CDVTimer][TotalPluginStartup] 8.684993ms
2015-01-27 14:21:48.385 BlueCarbonMobile[99255:21358441] Resetting plugins due to page load.
2015-01-27 14:21:48.578 BlueCarbonMobile[99255:21358441] Finished load of: file:///Users/andrea/Library/Developer/CoreSimulator/Devices/4179A0C9-7932-45E4-BA8D-45C9AFB2B825/data/Containers/Bundle/Application/5A317038-6AAB-4523-9295-17B41796D7F9/BlueCarbonMobile.app/www/index.html
2015-01-27 14:21:48.753 BlueCarbonMobile[99255:21358441] Detected docs path: /Users/andrea/Library/Developer/CoreSimulator/Devices/4179A0C9-7932-45E4-BA8D-45C9AFB2B825/data/Containers/Data/Application/6B3477C1-EE58-4335-A5B3-BBB3DA199A3A/Documents
2015-01-27 14:21:48.754 BlueCarbonMobile[99255:21358441] Good news: SQLite is thread safe!
2015-01-27 14:24:00.887 BlueCarbonMobile[5944:21367093] DiskCookieStorage changing policy from 2 to 0, cookie file: file:///Users/andrea/Library/Developer/CoreSimulator/Devices/4179A0C9-7932-45E4-BA8D-45C9AFB2B825/data/Containers/Data/Application/0AC3162A-7E19-4EED-BA27-EB9D96B9748F/Library/Cookies/Cookies.binarycookies
2015-01-27 14:24:00.965 BlueCarbonMobile[5944:21367093] Apache Cordova native platform version 3.7.0 is starting.
2015-01-27 14:24:00.965 BlueCarbonMobile[5944:21367093] Multi-tasking -> Device: YES, App: YES
2015-01-27 14:24:00.966 BlueCarbonMobile[5944:21367093] Unlimited access to network resources
2015-01-27 14:24:00.968 BlueCarbonMobile[5944:21367093] 

Started backup to iCloud! Please be careful.
Your application might be rejected by Apple if you store too much data.
For more information please read "iOS Data Storage Guidelines" at:
https://developer.apple.com/icloud/documentation/data-storage/
To disable web storage backup to iCloud, set the BackupWebStorage preference to "local" in the Cordova config.xml file

2015-01-27 14:24:01.180 BlueCarbonMobile[5944:21367093] [CDVTimer][file] 15.911996ms
2015-01-27 14:24:01.180 BlueCarbonMobile[5944:21367093] [CDVTimer][TotalPluginStartup] 16.122997ms
2015-01-27 14:24:01.390 BlueCarbonMobile[5944:21367093] Resetting plugins due to page load.
2015-01-27 14:24:01.550 BlueCarbonMobile[5944:21367093] Finished load of: file:///Users/andrea/Library/Developer/CoreSimulator/Devices/4179A0C9-7932-45E4-BA8D-45C9AFB2B825/data/Containers/Bundle/Application/B5300356-4450-457B-A224-9C54EEF9AA48/BlueCarbonMobile.app/www/index.html
2015-01-27 14:24:01.665 BlueCarbonMobile[5944:21367093] Detected docs path: /Users/andrea/Library/Developer/CoreSimulator/Devices/4179A0C9-7932-45E4-BA8D-45C9AFB2B825/data/Containers/Data/Application/0AC3162A-7E19-4EED-BA27-EB9D96B9748F/Documents
2015-01-27 14:24:01.667 BlueCarbonMobile[5944:21367093] Good news: SQLite is thread safe!
2015-01-27 14:25:20.581 BlueCarbonMobile[11055:21373497] DiskCookieStorage changing policy from 2 to 0, cookie file: file:///Users/andrea/Library/Developer/CoreSimulator/Devices/4179A0C9-7932-45E4-BA8D-45C9AFB2B825/data/Containers/Data/Application/D6E1753C-C105-48A3-8FC2-B2F3F33DEC2C/Library/Cookies/Cookies.binarycookies
2015-01-27 14:25:20.658 BlueCarbonMobile[11055:21373497] Apache Cordova native platform version 3.7.0 is starting.
2015-01-27 14:25:20.659 BlueCarbonMobile[11055:21373497] Multi-tasking -> Device: YES, App: YES
2015-01-27 14:25:20.660 BlueCarbonMobile[11055:21373497] Unlimited access to network resources
2015-01-27 14:25:20.662 BlueCarbonMobile[11055:21373497] 

Started backup to iCloud! Please be careful.
Your application might be rejected by Apple if you store too much data.
For more information please read "iOS Data Storage Guidelines" at:
https://developer.apple.com/icloud/documentation/data-storage/
To disable web storage backup to iCloud, set the BackupWebStorage preference to "local" in the Cordova config.xml file

2015-01-27 14:25:20.851 BlueCarbonMobile[11055:21373497] [CDVTimer][file] 4.221976ms
2015-01-27 14:25:20.851 BlueCarbonMobile[11055:21373497] [CDVTimer][TotalPluginStartup] 4.432023ms
2015-01-27 14:25:21.065 BlueCarbonMobile[11055:21373497] Resetting plugins due to page load.
2015-01-27 14:25:21.267 BlueCarbonMobile[11055:21373497] Finished load of: file:///Users/andrea/Library/Developer/CoreSimulator/Devices/4179A0C9-7932-45E4-BA8D-45C9AFB2B825/data/Containers/Bundle/Application/F5B4364E-69EB-4459-988D-2001BFE2CD1B/BlueCarbonMobile.app/www/index.html
2015-01-27 14:25:21.416 BlueCarbonMobile[11055:21373497] Detected docs path: /Users/andrea/Library/Developer/CoreSimulator/Devices/4179A0C9-7932-45E4-BA8D-45C9AFB2B825/data/Containers/Data/Application/D6E1753C-C105-48A3-8FC2-B2F3F33DEC2C/Documents
2015-01-27 14:25:21.417 BlueCarbonMobile[11055:21373497] Good news: SQLite is thread safe!
2015-01-27 14:28:25.064 BlueCarbonMobile[17124:21382207] DiskCookieStorage changing policy from 2 to 0, cookie file: file:///Users/andrea/Library/Developer/CoreSimulator/Devices/4179A0C9-7932-45E4-BA8D-45C9AFB2B825/data/Containers/Data/Application/49DD2866-86DA-4ABA-B135-D29C35DBC146/Library/Cookies/Cookies.binarycookies
2015-01-27 14:28:25.207 BlueCarbonMobile[17124:21382207] Apache Cordova native platform version 3.7.0 is starting.
2015-01-27 14:28:25.207 BlueCarbonMobile[17124:21382207] Multi-tasking -> Device: YES, App: YES
2015-01-27 14:28:25.209 BlueCarbonMobile[17124:21382207] Unlimited access to network resources
2015-01-27 14:28:25.212 BlueCarbonMobile[17124:21382207] 

Started backup to iCloud! Please be careful.
Your application might be rejected by Apple if you store too much data.
For more information please read "iOS Data Storage Guidelines" at:
https://developer.apple.com/icloud/documentation/data-storage/
To disable web storage backup to iCloud, set the BackupWebStorage preference to "local" in the Cordova config.xml file

2015-01-27 14:28:25.421 BlueCarbonMobile[17124:21382207] [CDVTimer][file] 3.543019ms
2015-01-27 14:28:25.421 BlueCarbonMobile[17124:21382207] [CDVTimer][TotalPluginStartup] 3.781021ms
2015-01-27 14:28:25.608 BlueCarbonMobile[17124:21382207] Resetting plugins due to page load.
2015-01-27 14:28:25.791 BlueCarbonMobile[17124:21382207] Finished load of: file:///Users/andrea/Library/Developer/CoreSimulator/Devices/4179A0C9-7932-45E4-BA8D-45C9AFB2B825/data/Containers/Bundle/Application/F4F7B6F2-A561-4EA1-822E-4D668275FCAC/BlueCarbonMobile.app/www/index.html
2015-01-27 14:28:25.893 BlueCarbonMobile[17124:21382207] Detected docs path: /Users/andrea/Library/Developer/CoreSimulator/Devices/4179A0C9-7932-45E4-BA8D-45C9AFB2B825/data/Containers/Data/Application/49DD2866-86DA-4ABA-B135-D29C35DBC146/Documents
2015-01-27 14:28:25.893 BlueCarbonMobile[17124:21382207] Good news: SQLite is thread safe!
2015-01-27 14:36:25.671 BlueCarbonMobile[27018:21404627] DiskCookieStorage changing policy from 2 to 0, cookie file: file:///Users/andrea/Library/Developer/CoreSimulator/Devices/4179A0C9-7932-45E4-BA8D-45C9AFB2B825/data/Containers/Data/Application/52DFC2AB-3AE8-4916-AC92-D0EBC85C9F99/Library/Cookies/Cookies.binarycookies
2015-01-27 14:36:25.790 BlueCarbonMobile[27018:21404627] Apache Cordova native platform version 3.7.0 is starting.
2015-01-27 14:36:25.791 BlueCarbonMobile[27018:21404627] Multi-tasking -> Device: YES, App: YES
2015-01-27 14:36:25.792 BlueCarbonMobile[27018:21404627] Unlimited access to network resources
2015-01-27 14:36:25.794 BlueCarbonMobile[27018:21404627] 

Started backup to iCloud! Please be careful.
Your application might be rejected by Apple if you store too much data.
For more information please read "iOS Data Storage Guidelines" at:
https://developer.apple.com/icloud/documentation/data-storage/
To disable web storage backup to iCloud, set the BackupWebStorage preference to "local" in the Cordova config.xml file

2015-01-27 14:36:25.987 BlueCarbonMobile[27018:21404627] [CDVTimer][file] 15.320957ms
2015-01-27 14:36:25.987 BlueCarbonMobile[27018:21404627] [CDVTimer][TotalPluginStartup] 15.585005ms
2015-01-27 14:36:26.229 BlueCarbonMobile[27018:21404627] Resetting plugins due to page load.
2015-01-27 14:36:26.421 BlueCarbonMobile[27018:21404627] Finished load of: file:///Users/andrea/Library/Developer/CoreSimulator/Devices/4179A0C9-7932-45E4-BA8D-45C9AFB2B825/data/Containers/Bundle/Application/3567547D-DD20-4D07-AB57-903B0893DEBD/BlueCarbonMobile.app/www/index.html
2015-01-27 14:36:26.569 BlueCarbonMobile[27018:21404627] Detected docs path: /Users/andrea/Library/Developer/CoreSimulator/Devices/4179A0C9-7932-45E4-BA8D-45C9AFB2B825/data/Containers/Data/Application/52DFC2AB-3AE8-4916-AC92-D0EBC85C9F99/Documents
2015-01-27 14:36:26.570 BlueCarbonMobile[27018:21404627] Good news: SQLite is thread safe!
2015-01-27 14:37:57.360 BlueCarbonMobile[32665:21411988] DiskCookieStorage changing policy from 2 to 0, cookie file: file:///Users/andrea/Library/Developer/CoreSimulator/Devices/4179A0C9-7932-45E4-BA8D-45C9AFB2B825/data/Containers/Data/Application/E766A6A6-2C42-4984-829E-C8748BA256BF/Library/Cookies/Cookies.binarycookies
2015-01-27 14:37:57.477 BlueCarbonMobile[32665:21411988] Apache Cordova native platform version 3.7.0 is starting.
2015-01-27 14:37:57.477 BlueCarbonMobile[32665:21411988] Multi-tasking -> Device: YES, App: YES
2015-01-27 14:37:57.479 BlueCarbonMobile[32665:21411988] Unlimited access to network resources
2015-01-27 14:37:57.481 BlueCarbonMobile[32665:21411988] 

Started backup to iCloud! Please be careful.
Your application might be rejected by Apple if you store too much data.
For more information please read "iOS Data Storage Guidelines" at:
https://developer.apple.com/icloud/documentation/data-storage/
To disable web storage backup to iCloud, set the BackupWebStorage preference to "local" in the Cordova config.xml file

2015-01-27 14:37:57.658 BlueCarbonMobile[32665:21411988] [CDVTimer][file] 5.706012ms
2015-01-27 14:37:57.659 BlueCarbonMobile[32665:21411988] [CDVTimer][TotalPluginStartup] 5.877972ms
2015-01-27 14:37:57.866 BlueCarbonMobile[32665:21411988] Resetting plugins due to page load.
2015-01-27 14:37:58.032 BlueCarbonMobile[32665:21411988] Finished load of: file:///Users/andrea/Library/Developer/CoreSimulator/Devices/4179A0C9-7932-45E4-BA8D-45C9AFB2B825/data/Containers/Bundle/Application/01B6A41C-F1E6-47F7-B09C-1D3E49CBE7FA/BlueCarbonMobile.app/www/index.html
2015-01-27 14:37:58.142 BlueCarbonMobile[32665:21411988] Detected docs path: /Users/andrea/Library/Developer/CoreSimulator/Devices/4179A0C9-7932-45E4-BA8D-45C9AFB2B825/data/Containers/Data/Application/E766A6A6-2C42-4984-829E-C8748BA256BF/Documents
2015-01-27 14:37:58.143 BlueCarbonMobile[32665:21411988] Good news: SQLite is thread safe!
2015-01-27 14:38:03.131 BlueCarbonMobile[32665:21411988] Good news: SQLite is thread safe!
2015-01-27 14:38:03.132 BlueCarbonMobile[32665:21411988] Good news: SQLite is thread safe!
2015-01-27 14:38:03.132 BlueCarbonMobile[32665:21411988] Good news: SQLite is thread safe!
2015-01-27 14:38:03.133 BlueCarbonMobile[32665:21411988] Good news: SQLite is thread safe!
2015-01-27 14:38:03.133 BlueCarbonMobile[32665:21411988] Good news: SQLite is thread safe!
2015-01-27 14:38:03.134 BlueCarbonMobile[32665:21411988] Good news: SQLite is thread safe!
2015-01-27 14:39:06.499 BlueCarbonMobile[37875:21418733] DiskCookieStorage changing policy from 2 to 0, cookie file: file:///Users/andrea/Library/Developer/CoreSimulator/Devices/4179A0C9-7932-45E4-BA8D-45C9AFB2B825/data/Containers/Data/Application/EAA881D4-9C72-48FE-86EB-84EB4D7F9180/Library/Cookies/Cookies.binarycookies
2015-01-27 14:39:06.570 BlueCarbonMobile[37875:21418733] Apache Cordova native platform version 3.7.0 is starting.
2015-01-27 14:39:06.571 BlueCarbonMobile[37875:21418733] Multi-tasking -> Device: YES, App: YES
2015-01-27 14:39:06.572 BlueCarbonMobile[37875:21418733] Unlimited access to network resources
2015-01-27 14:39:06.574 BlueCarbonMobile[37875:21418733] 

Started backup to iCloud! Please be careful.
Your application might be rejected by Apple if you store too much data.
For more information please read "iOS Data Storage Guidelines" at:
https://developer.apple.com/icloud/documentation/data-storage/
To disable web storage backup to iCloud, set the BackupWebStorage preference to "local" in the Cordova config.xml file

2015-01-27 14:39:06.746 BlueCarbonMobile[37875:21418733] [CDVTimer][file] 3.176987ms
2015-01-27 14:39:06.746 BlueCarbonMobile[37875:21418733] [CDVTimer][TotalPluginStartup] 3.332973ms
2015-01-27 14:39:06.930 BlueCarbonMobile[37875:21418733] Resetting plugins due to page load.
2015-01-27 14:39:07.114 BlueCarbonMobile[37875:21418733] Finished load of: file:///Users/andrea/Library/Developer/CoreSimulator/Devices/4179A0C9-7932-45E4-BA8D-45C9AFB2B825/data/Containers/Bundle/Application/FB6D7B62-51C9-42CE-A20B-70FF2425ECFB/BlueCarbonMobile.app/www/index.html
2015-01-27 14:39:07.236 BlueCarbonMobile[37875:21418733] Detected docs path: /Users/andrea/Library/Developer/CoreSimulator/Devices/4179A0C9-7932-45E4-BA8D-45C9AFB2B825/data/Containers/Data/Application/EAA881D4-9C72-48FE-86EB-84EB4D7F9180/Documents
2015-01-27 14:39:07.237 BlueCarbonMobile[37875:21418733] Good news: SQLite is thread safe!
2015-01-27 14:39:09.193 BlueCarbonMobile[37875:21418733] Good news: SQLite is thread safe!
2015-01-27 14:39:09.193 BlueCarbonMobile[37875:21418733] Good news: SQLite is thread safe!
2015-01-27 14:39:09.194 BlueCarbonMobile[37875:21418733] Good news: SQLite is thread safe!
2015-01-27 14:39:09.194 BlueCarbonMobile[37875:21418733] Good news: SQLite is thread safe!
2015-01-27 14:39:09.195 BlueCarbonMobile[37875:21418733] Good news: SQLite is thread safe!
2015-01-27 14:39:09.196 BlueCarbonMobile[37875:21418733] Good news: SQLite is thread safe!
2015-01-27 14:39:20.545 BlueCarbonMobile[37875:21418733] Application tried to represent an active popover presentation: <UIPopoverPresentationController: 0x7b070440>
2015-01-27 14:39:22.754 BlueCarbonMobile[37875:21418733] *** Terminating app due to uncaught exception 'NSGenericException', reason: 'UIPopoverPresentationController (<UIPopoverPresentationController: 0x7b0aba80>) should have a non-nil sourceView or barButtonItem set before the presentation occurs.'
*** First throw call stack:
(
	0   CoreFoundation                      0x0022d946 __exceptionPreprocess + 182
	1   libobjc.A.dylib                     0x02513a97 objc_exception_throw + 44
	2   UIKit                               0x00e0fe47 -[UIPopoverPresentationController presentationTransitionWillBegin] + 3086
	3   UIKit                               0x00712385 __71-[UIPresentationController _initViewHierarchyForPresentationSuperview:]_block_invoke + 1666
	4   UIKit                               0x00710968 __56-[UIPresentationController runTransitionForCurrentState]_block_invoke + 226
	5   UIKit                               0x007447ab __40+[UIViewController _scheduleTransition:]_block_invoke + 18
	6   UIKit                               0x0060a0ce ___afterCACommitHandler_block_invoke + 15
	7   UIKit                               0x0060a079 _applyBlockToCFArrayCopiedToStack + 415
	8   UIKit                               0x00609e8e _afterCACommitHandler + 545
	9   CoreFoundation                      0x001509de __CFRUNLOOP_IS_CALLING_OUT_TO_AN_OBSERVER_CALLBACK_FUNCTION__ + 30
	10  CoreFoundation                      0x00150920 __CFRunLoopDoObservers + 400
	11  CoreFoundation                      0x0014635a __CFRunLoopRun + 1226
	12  CoreFoundation                      0x00145bcb CFRunLoopRunSpecific + 443
	13  CoreFoundation                      0x001459fb CFRunLoopRunInMode + 123
	14  GraphicsServices                    0x03b7c24f GSEventRunModal + 192
	15  GraphicsServices                    0x03b7c08c GSEventRun + 104
	16  UIKit                               0x005e08b6 UIApplicationMain + 1526
	17  BlueCarbonMobile                    0x0000bbbc main + 92
	18  libdyld.dylib                       0x02be9ac9 start + 1
	19  ???                                 0x00000001 0x0 + 1
)
libc++abi.dylib: terminating with uncaught exception of type NSException
2015-01-27 14:42:24.781 BlueCarbonMobile[45544:21430110] DiskCookieStorage changing policy from 2 to 0, cookie file: file:///Users/andrea/Library/Developer/CoreSimulator/Devices/4179A0C9-7932-45E4-BA8D-45C9AFB2B825/data/Containers/Data/Application/89853517-9E45-4196-8031-5E3A451DB647/Library/Cookies/Cookies.binarycookies
2015-01-27 14:42:24.897 BlueCarbonMobile[45544:21430110] Apache Cordova native platform version 3.7.0 is starting.
2015-01-27 14:42:24.898 BlueCarbonMobile[45544:21430110] Multi-tasking -> Device: YES, App: YES
2015-01-27 14:42:24.899 BlueCarbonMobile[45544:21430110] Unlimited access to network resources
2015-01-27 14:42:24.901 BlueCarbonMobile[45544:21430110] 

Started backup to iCloud! Please be careful.
Your application might be rejected by Apple if you store too much data.
For more information please read "iOS Data Storage Guidelines" at:
https://developer.apple.com/icloud/documentation/data-storage/
To disable web storage backup to iCloud, set the BackupWebStorage preference to "local" in the Cordova config.xml file

2015-01-27 14:42:25.087 BlueCarbonMobile[45544:21430110] [CDVTimer][file] 11.824012ms
2015-01-27 14:42:25.087 BlueCarbonMobile[45544:21430110] [CDVTimer][TotalPluginStartup] 12.089968ms
2015-01-27 14:42:25.302 BlueCarbonMobile[45544:21430110] Resetting plugins due to page load.
2015-01-27 14:42:25.467 BlueCarbonMobile[45544:21430110] Finished load of: file:///Users/andrea/Library/Developer/CoreSimulator/Devices/4179A0C9-7932-45E4-BA8D-45C9AFB2B825/data/Containers/Bundle/Application/19C38B51-75D0-40ED-A4C9-B377DC06893A/BlueCarbonMobile.app/www/index.html
2015-01-27 14:42:25.641 BlueCarbonMobile[45544:21430110] Detected docs path: /Users/andrea/Library/Developer/CoreSimulator/Devices/4179A0C9-7932-45E4-BA8D-45C9AFB2B825/data/Containers/Data/Application/89853517-9E45-4196-8031-5E3A451DB647/Documents
2015-01-27 14:42:25.642 BlueCarbonMobile[45544:21430110] Good news: SQLite is thread safe!
2015-01-27 14:44:18.485 BlueCarbonMobile[51552:21438513] DiskCookieStorage changing policy from 2 to 0, cookie file: file:///Users/andrea/Library/Developer/CoreSimulator/Devices/4179A0C9-7932-45E4-BA8D-45C9AFB2B825/data/Containers/Data/Application/E9A82909-68F6-4F2B-B258-AC2B8FEFFCCB/Library/Cookies/Cookies.binarycookies
2015-01-27 14:44:18.601 BlueCarbonMobile[51552:21438513] Apache Cordova native platform version 3.7.0 is starting.
2015-01-27 14:44:18.602 BlueCarbonMobile[51552:21438513] Multi-tasking -> Device: YES, App: YES
2015-01-27 14:44:18.603 BlueCarbonMobile[51552:21438513] Unlimited access to network resources
2015-01-27 14:44:18.606 BlueCarbonMobile[51552:21438513] 

Started backup to iCloud! Please be careful.
Your application might be rejected by Apple if you store too much data.
For more information please read "iOS Data Storage Guidelines" at:
https://developer.apple.com/icloud/documentation/data-storage/
To disable web storage backup to iCloud, set the BackupWebStorage preference to "local" in the Cordova config.xml file

2015-01-27 14:44:18.781 BlueCarbonMobile[51552:21438513] [CDVTimer][file] 4.369974ms
2015-01-27 14:44:18.781 BlueCarbonMobile[51552:21438513] [CDVTimer][TotalPluginStartup] 4.543006ms
2015-01-27 14:44:18.979 BlueCarbonMobile[51552:21438513] Resetting plugins due to page load.
2015-01-27 14:44:19.142 BlueCarbonMobile[51552:21438513] Finished load of: file:///Users/andrea/Library/Developer/CoreSimulator/Devices/4179A0C9-7932-45E4-BA8D-45C9AFB2B825/data/Containers/Bundle/Application/0A96F644-9844-4DE2-86F4-E88C2153C08D/BlueCarbonMobile.app/www/index.html
2015-01-27 14:44:19.264 BlueCarbonMobile[51552:21438513] Detected docs path: /Users/andrea/Library/Developer/CoreSimulator/Devices/4179A0C9-7932-45E4-BA8D-45C9AFB2B825/data/Containers/Data/Application/E9A82909-68F6-4F2B-B258-AC2B8FEFFCCB/Documents
2015-01-27 14:44:19.266 BlueCarbonMobile[51552:21438513] Good news: SQLite is thread safe!
2015-01-27 14:51:08.223 BlueCarbonMobile[60725:21452556] DiskCookieStorage changing policy from 2 to 0, cookie file: file:///Users/andrea/Library/Developer/CoreSimulator/Devices/4179A0C9-7932-45E4-BA8D-45C9AFB2B825/data/Containers/Data/Application/30F2A4DE-BC71-4130-9C3C-17474522CACA/Library/Cookies/Cookies.binarycookies
2015-01-27 14:51:08.336 BlueCarbonMobile[60725:21452556] Apache Cordova native platform version 3.7.0 is starting.
2015-01-27 14:51:08.336 BlueCarbonMobile[60725:21452556] Multi-tasking -> Device: YES, App: YES
2015-01-27 14:51:08.337 BlueCarbonMobile[60725:21452556] Unlimited access to network resources
2015-01-27 14:51:08.340 BlueCarbonMobile[60725:21452556] 

Started backup to iCloud! Please be careful.
Your application might be rejected by Apple if you store too much data.
For more information please read "iOS Data Storage Guidelines" at:
https://developer.apple.com/icloud/documentation/data-storage/
To disable web storage backup to iCloud, set the BackupWebStorage preference to "local" in the Cordova config.xml file

2015-01-27 14:51:08.520 BlueCarbonMobile[60725:21452556] [CDVTimer][file] 11.871994ms
2015-01-27 14:51:08.520 BlueCarbonMobile[60725:21452556] [CDVTimer][TotalPluginStartup] 12.137949ms
2015-01-27 14:51:08.734 BlueCarbonMobile[60725:21452556] Resetting plugins due to page load.
2015-01-27 14:51:08.890 BlueCarbonMobile[60725:21452556] Finished load of: file:///Users/andrea/Library/Developer/CoreSimulator/Devices/4179A0C9-7932-45E4-BA8D-45C9AFB2B825/data/Containers/Bundle/Application/3E93426D-0776-4A65-9D25-8091D373D2F3/BlueCarbonMobile.app/www/index.html
2015-01-27 14:51:09.035 BlueCarbonMobile[60725:21452556] Detected docs path: /Users/andrea/Library/Developer/CoreSimulator/Devices/4179A0C9-7932-45E4-BA8D-45C9AFB2B825/data/Containers/Data/Application/30F2A4DE-BC71-4130-9C3C-17474522CACA/Documents
2015-01-27 14:51:09.036 BlueCarbonMobile[60725:21452556] Good news: SQLite is thread safe!
2015-01-27 14:51:37.215 BlueCarbonMobile[60725:21452556] Good news: SQLite is thread safe!
2015-01-27 14:51:37.216 BlueCarbonMobile[60725:21452556] Good news: SQLite is thread safe!
2015-01-27 14:51:37.216 BlueCarbonMobile[60725:21452556] Good news: SQLite is thread safe!
2015-01-27 14:51:37.217 BlueCarbonMobile[60725:21452556] Good news: SQLite is thread safe!
2015-01-27 14:51:37.217 BlueCarbonMobile[60725:21452556] Good news: SQLite is thread safe!
2015-01-27 14:51:37.218 BlueCarbonMobile[60725:21452556] Good news: SQLite is thread safe!
2015-01-27 14:54:56.108 BlueCarbonMobile[67279:21462204] DiskCookieStorage changing policy from 2 to 0, cookie file: file:///Users/andrea/Library/Developer/CoreSimulator/Devices/4179A0C9-7932-45E4-BA8D-45C9AFB2B825/data/Containers/Data/Application/59B542DF-2D77-4CF8-9861-FAB3AFB7C303/Library/Cookies/Cookies.binarycookies
2015-01-27 14:54:56.217 BlueCarbonMobile[67279:21462204] Apache Cordova native platform version 3.7.0 is starting.
2015-01-27 14:54:56.217 BlueCarbonMobile[67279:21462204] Multi-tasking -> Device: YES, App: YES
2015-01-27 14:54:56.218 BlueCarbonMobile[67279:21462204] Unlimited access to network resources
2015-01-27 14:54:56.220 BlueCarbonMobile[67279:21462204] 

Started backup to iCloud! Please be careful.
Your application might be rejected by Apple if you store too much data.
For more information please read "iOS Data Storage Guidelines" at:
https://developer.apple.com/icloud/documentation/data-storage/
To disable web storage backup to iCloud, set the BackupWebStorage preference to "local" in the Cordova config.xml file

2015-01-27 14:54:56.410 BlueCarbonMobile[67279:21462204] [CDVTimer][file] 3.642976ms
2015-01-27 14:54:56.410 BlueCarbonMobile[67279:21462204] [CDVTimer][TotalPluginStartup] 3.798008ms
2015-01-27 14:54:56.596 BlueCarbonMobile[67279:21462204] Resetting plugins due to page load.
2015-01-27 14:54:56.762 BlueCarbonMobile[67279:21462204] Finished load of: file:///Users/andrea/Library/Developer/CoreSimulator/Devices/4179A0C9-7932-45E4-BA8D-45C9AFB2B825/data/Containers/Bundle/Application/C822044F-00FA-40D3-8A0B-BD9A9A5F5289/BlueCarbonMobile.app/www/index.html
2015-01-27 14:54:56.885 BlueCarbonMobile[67279:21462204] Detected docs path: /Users/andrea/Library/Developer/CoreSimulator/Devices/4179A0C9-7932-45E4-BA8D-45C9AFB2B825/data/Containers/Data/Application/59B542DF-2D77-4CF8-9861-FAB3AFB7C303/Documents
2015-01-27 14:54:56.886 BlueCarbonMobile[67279:21462204] Good news: SQLite is thread safe!
2015-01-27 14:55:49.865 BlueCarbonMobile[67279:21462204] Good news: SQLite is thread safe!
2015-01-27 14:55:49.865 BlueCarbonMobile[67279:21462204] Good news: SQLite is thread safe!
2015-01-27 14:55:49.865 BlueCarbonMobile[67279:21462204] Good news: SQLite is thread safe!
2015-01-27 14:55:49.866 BlueCarbonMobile[67279:21462204] Good news: SQLite is thread safe!
2015-01-27 14:55:49.866 BlueCarbonMobile[67279:21462204] Good news: SQLite is thread safe!
2015-01-27 14:55:49.867 BlueCarbonMobile[67279:21462204] Good news: SQLite is thread safe!
2015-01-27 15:00:40.656 BlueCarbonMobile[77728:21478569] DiskCookieStorage changing policy from 2 to 0, cookie file: file:///Users/andrea/Library/Developer/CoreSimulator/Devices/4179A0C9-7932-45E4-BA8D-45C9AFB2B825/data/Containers/Data/Application/06952E15-8974-44B0-986F-7C61C2D9A788/Library/Cookies/Cookies.binarycookies
2015-01-27 15:00:40.739 BlueCarbonMobile[77728:21478569] Apache Cordova native platform version 3.7.0 is starting.
2015-01-27 15:00:40.739 BlueCarbonMobile[77728:21478569] Multi-tasking -> Device: YES, App: YES
2015-01-27 15:00:40.740 BlueCarbonMobile[77728:21478569] Unlimited access to network resources
2015-01-27 15:00:40.742 BlueCarbonMobile[77728:21478569] 

Started backup to iCloud! Please be careful.
Your application might be rejected by Apple if you store too much data.
For more information please read "iOS Data Storage Guidelines" at:
https://developer.apple.com/icloud/documentation/data-storage/
To disable web storage backup to iCloud, set the BackupWebStorage preference to "local" in the Cordova config.xml file

2015-01-27 15:00:40.917 BlueCarbonMobile[77728:21478569] [CDVTimer][file] 5.010009ms
2015-01-27 15:00:40.917 BlueCarbonMobile[77728:21478569] [CDVTimer][TotalPluginStartup] 5.240977ms
2015-01-27 15:00:41.146 BlueCarbonMobile[77728:21478569] Resetting plugins due to page load.
2015-01-27 15:00:41.298 BlueCarbonMobile[77728:21478569] Finished load of: file:///Users/andrea/Library/Developer/CoreSimulator/Devices/4179A0C9-7932-45E4-BA8D-45C9AFB2B825/data/Containers/Bundle/Application/7DA9716C-113F-47B3-9E8D-427CB78CCA65/BlueCarbonMobile.app/www/index.html
2015-01-27 15:00:41.468 BlueCarbonMobile[77728:21478569] Detected docs path: /Users/andrea/Library/Developer/CoreSimulator/Devices/4179A0C9-7932-45E4-BA8D-45C9AFB2B825/data/Containers/Data/Application/06952E15-8974-44B0-986F-7C61C2D9A788/Documents
2015-01-27 15:00:41.469 BlueCarbonMobile[77728:21478569] Good news: SQLite is thread safe!
2015-01-27 15:00:48.881 BlueCarbonMobile[77728:21478569] Good news: SQLite is thread safe!
2015-01-27 15:00:48.881 BlueCarbonMobile[77728:21478569] Good news: SQLite is thread safe!
2015-01-27 15:00:48.882 BlueCarbonMobile[77728:21478569] Good news: SQLite is thread safe!
2015-01-27 15:00:48.882 BlueCarbonMobile[77728:21478569] Good news: SQLite is thread safe!
2015-01-27 15:00:48.883 BlueCarbonMobile[77728:21478569] Good news: SQLite is thread safe!
2015-01-27 15:00:48.884 BlueCarbonMobile[77728:21478569] Good news: SQLite is thread safe!
2015-01-27 15:01:36.493 BlueCarbonMobile[82717:21484798] DiskCookieStorage changing policy from 2 to 0, cookie file: file:///Users/andrea/Library/Developer/CoreSimulator/Devices/4179A0C9-7932-45E4-BA8D-45C9AFB2B825/data/Containers/Data/Application/9364C824-AA77-46F5-92C6-FB0B39CA12B1/Library/Cookies/Cookies.binarycookies
2015-01-27 15:01:36.572 BlueCarbonMobile[82717:21484798] Apache Cordova native platform version 3.7.0 is starting.
2015-01-27 15:01:36.573 BlueCarbonMobile[82717:21484798] Multi-tasking -> Device: YES, App: YES
2015-01-27 15:01:36.575 BlueCarbonMobile[82717:21484798] Unlimited access to network resources
2015-01-27 15:01:36.577 BlueCarbonMobile[82717:21484798] 

Started backup to iCloud! Please be careful.
Your application might be rejected by Apple if you store too much data.
For more information please read "iOS Data Storage Guidelines" at:
https://developer.apple.com/icloud/documentation/data-storage/
To disable web storage backup to iCloud, set the BackupWebStorage preference to "local" in the Cordova config.xml file

2015-01-27 15:01:36.762 BlueCarbonMobile[82717:21484798] [CDVTimer][file] 2.529979ms
2015-01-27 15:01:36.762 BlueCarbonMobile[82717:21484798] [CDVTimer][TotalPluginStartup] 2.699971ms
2015-01-27 15:01:36.939 BlueCarbonMobile[82717:21484798] Resetting plugins due to page load.
2015-01-27 15:01:37.122 BlueCarbonMobile[82717:21484798] Finished load of: file:///Users/andrea/Library/Developer/CoreSimulator/Devices/4179A0C9-7932-45E4-BA8D-45C9AFB2B825/data/Containers/Bundle/Application/056CDC97-A5E5-4535-BECB-0E41631DA2DA/BlueCarbonMobile.app/www/index.html
2015-01-27 15:01:37.243 BlueCarbonMobile[82717:21484798] Detected docs path: /Users/andrea/Library/Developer/CoreSimulator/Devices/4179A0C9-7932-45E4-BA8D-45C9AFB2B825/data/Containers/Data/Application/9364C824-AA77-46F5-92C6-FB0B39CA12B1/Documents
2015-01-27 15:01:37.244 BlueCarbonMobile[82717:21484798] Good news: SQLite is thread safe!
2015-01-27 16:29:48.250 BlueCarbonMobile[68749:21630402] DiskCookieStorage changing policy from 2 to 0, cookie file: file:///Users/andrea/Library/Developer/CoreSimulator/Devices/4179A0C9-7932-45E4-BA8D-45C9AFB2B825/data/Containers/Data/Application/C27E92F2-27A4-4DF1-909F-9A22B330973C/Library/Cookies/Cookies.binarycookies
2015-01-27 16:29:48.604 BlueCarbonMobile[68749:21630402] Apache Cordova native platform version 3.7.0 is starting.
2015-01-27 16:29:48.604 BlueCarbonMobile[68749:21630402] Multi-tasking -> Device: YES, App: YES
2015-01-27 16:29:48.626 BlueCarbonMobile[68749:21630402] Unlimited access to network resources
2015-01-27 16:29:48.637 BlueCarbonMobile[68749:21630402] 

Started backup to iCloud! Please be careful.
Your application might be rejected by Apple if you store too much data.
For more information please read "iOS Data Storage Guidelines" at:
https://developer.apple.com/icloud/documentation/data-storage/
To disable web storage backup to iCloud, set the BackupWebStorage preference to "local" in the Cordova config.xml file

2015-01-27 16:29:49.028 BlueCarbonMobile[68749:21630402] [CDVTimer][file] 6.340981ms
2015-01-27 16:29:49.028 BlueCarbonMobile[68749:21630402] [CDVTimer][TotalPluginStartup] 6.519020ms
2015-01-27 16:29:49.373 BlueCarbonMobile[68749:21630402] Resetting plugins due to page load.
2015-01-27 16:29:49.603 BlueCarbonMobile[68749:21630402] Finished load of: file:///Users/andrea/Library/Developer/CoreSimulator/Devices/4179A0C9-7932-45E4-BA8D-45C9AFB2B825/data/Containers/Bundle/Application/B615E0F6-BFC2-4B31-9511-AB7713057B53/BlueCarbonMobile.app/www/index.html
2015-01-27 16:29:49.699 BlueCarbonMobile[68749:21630402] Detected docs path: /Users/andrea/Library/Developer/CoreSimulator/Devices/4179A0C9-7932-45E4-BA8D-45C9AFB2B825/data/Containers/Data/Application/C27E92F2-27A4-4DF1-909F-9A22B330973C/Documents
2015-01-27 16:29:49.715 BlueCarbonMobile[68749:21630402] Good news: SQLite is thread safe!
2015-01-27 16:29:49.716 BlueCarbonMobile[68749:21630402] THREAD WARNING: ['SQLitePlugin'] took '16.350098' ms. Plugin should use a background thread.
2015-01-27 16:30:14.081 BlueCarbonMobile[68749:21630588] void SendDelegateMessage(NSInvocation *): delegate (webView:runJavaScriptAlertPanelWithMessage:initiatedByFrame:) failed to return after waiting 10 seconds. main run loop mode: kCFRunLoopDefaultMode
2015-01-27 16:30:41.295 BlueCarbonMobile[68749:21630402] locationManager::didFailWithError (null)
2015-01-27 16:32:31.554 BlueCarbonMobile[74304:21638458] DiskCookieStorage changing policy from 2 to 0, cookie file: file:///Users/andrea/Library/Developer/CoreSimulator/Devices/4179A0C9-7932-45E4-BA8D-45C9AFB2B825/data/Containers/Data/Application/EBB2B53D-C487-4DF8-9C7F-37436B370092/Library/Cookies/Cookies.binarycookies
2015-01-27 16:32:31.668 BlueCarbonMobile[74304:21638458] Apache Cordova native platform version 3.7.0 is starting.
2015-01-27 16:32:31.669 BlueCarbonMobile[74304:21638458] Multi-tasking -> Device: YES, App: YES
2015-01-27 16:32:31.670 BlueCarbonMobile[74304:21638458] Unlimited access to network resources
2015-01-27 16:32:31.672 BlueCarbonMobile[74304:21638458] 

Started backup to iCloud! Please be careful.
Your application might be rejected by Apple if you store too much data.
For more information please read "iOS Data Storage Guidelines" at:
https://developer.apple.com/icloud/documentation/data-storage/
To disable web storage backup to iCloud, set the BackupWebStorage preference to "local" in the Cordova config.xml file

2015-01-27 16:32:31.843 BlueCarbonMobile[74304:21638458] [CDVTimer][file] 5.676985ms
2015-01-27 16:32:31.843 BlueCarbonMobile[74304:21638458] [CDVTimer][TotalPluginStartup] 5.850017ms
2015-01-27 16:32:32.050 BlueCarbonMobile[74304:21638458] Resetting plugins due to page load.
2015-01-27 16:32:32.213 BlueCarbonMobile[74304:21638458] Finished load of: file:///Users/andrea/Library/Developer/CoreSimulator/Devices/4179A0C9-7932-45E4-BA8D-45C9AFB2B825/data/Containers/Bundle/Application/DFCDA1BC-5A69-4553-92F4-F49BA3F7240A/BlueCarbonMobile.app/www/index.html
2015-01-27 16:32:32.352 BlueCarbonMobile[74304:21638458] Detected docs path: /Users/andrea/Library/Developer/CoreSimulator/Devices/4179A0C9-7932-45E4-BA8D-45C9AFB2B825/data/Containers/Data/Application/EBB2B53D-C487-4DF8-9C7F-37436B370092/Documents
2015-01-27 16:32:32.353 BlueCarbonMobile[74304:21638458] Good news: SQLite is thread safe!
2015-01-27 16:33:28.577 BlueCarbonMobile[74304:21638529] void SendDelegateMessage(NSInvocation *): delegate (webView:runJavaScriptAlertPanelWithMessage:initiatedByFrame:) failed to return after waiting 10 seconds. main run loop mode: kCFRunLoopDefaultMode
2015-01-27 16:33:58.473 BlueCarbonMobile[79014:21644795] DiskCookieStorage changing policy from 2 to 0, cookie file: file:///Users/andrea/Library/Developer/CoreSimulator/Devices/4179A0C9-7932-45E4-BA8D-45C9AFB2B825/data/Containers/Data/Application/D16CE42E-2606-44AF-88E0-4C22C0E123CA/Library/Cookies/Cookies.binarycookies
2015-01-27 16:33:58.544 BlueCarbonMobile[79014:21644795] Apache Cordova native platform version 3.7.0 is starting.
2015-01-27 16:33:58.544 BlueCarbonMobile[79014:21644795] Multi-tasking -> Device: YES, App: YES
2015-01-27 16:33:58.545 BlueCarbonMobile[79014:21644795] Unlimited access to network resources
2015-01-27 16:33:58.547 BlueCarbonMobile[79014:21644795] 

Started backup to iCloud! Please be careful.
Your application might be rejected by Apple if you store too much data.
For more information please read "iOS Data Storage Guidelines" at:
https://developer.apple.com/icloud/documentation/data-storage/
To disable web storage backup to iCloud, set the BackupWebStorage preference to "local" in the Cordova config.xml file

2015-01-27 16:33:58.718 BlueCarbonMobile[79014:21644795] [CDVTimer][file] 4.531980ms
2015-01-27 16:33:58.718 BlueCarbonMobile[79014:21644795] [CDVTimer][TotalPluginStartup] 4.703045ms
2015-01-27 16:33:58.889 BlueCarbonMobile[79014:21644795] Resetting plugins due to page load.
2015-01-27 16:33:59.056 BlueCarbonMobile[79014:21644795] Finished load of: file:///Users/andrea/Library/Developer/CoreSimulator/Devices/4179A0C9-7932-45E4-BA8D-45C9AFB2B825/data/Containers/Bundle/Application/A56B718E-2422-432A-A115-A6E43685C3B7/BlueCarbonMobile.app/www/index.html
2015-01-27 16:33:59.249 BlueCarbonMobile[79014:21644795] Detected docs path: /Users/andrea/Library/Developer/CoreSimulator/Devices/4179A0C9-7932-45E4-BA8D-45C9AFB2B825/data/Containers/Data/Application/D16CE42E-2606-44AF-88E0-4C22C0E123CA/Documents
2015-01-27 16:33:59.250 BlueCarbonMobile[79014:21644795] Good news: SQLite is thread safe!
2015-01-27 16:37:36.441 BlueCarbonMobile[85776:21654876] DiskCookieStorage changing policy from 2 to 0, cookie file: file:///Users/andrea/Library/Developer/CoreSimulator/Devices/4179A0C9-7932-45E4-BA8D-45C9AFB2B825/data/Containers/Data/Application/128F1ACC-AF83-4934-AE46-623E37054ABA/Library/Cookies/Cookies.binarycookies
2015-01-27 16:37:36.558 BlueCarbonMobile[85776:21654876] Apache Cordova native platform version 3.7.0 is starting.
2015-01-27 16:37:36.558 BlueCarbonMobile[85776:21654876] Multi-tasking -> Device: YES, App: YES
2015-01-27 16:37:36.559 BlueCarbonMobile[85776:21654876] Unlimited access to network resources
2015-01-27 16:37:36.562 BlueCarbonMobile[85776:21654876] 

Started backup to iCloud! Please be careful.
Your application might be rejected by Apple if you store too much data.
For more information please read "iOS Data Storage Guidelines" at:
https://developer.apple.com/icloud/documentation/data-storage/
To disable web storage backup to iCloud, set the BackupWebStorage preference to "local" in the Cordova config.xml file

2015-01-27 16:37:36.757 BlueCarbonMobile[85776:21654876] [CDVTimer][file] 14.916003ms
2015-01-27 16:37:36.757 BlueCarbonMobile[85776:21654876] [CDVTimer][TotalPluginStartup] 15.181005ms
2015-01-27 16:37:36.985 BlueCarbonMobile[85776:21654876] Resetting plugins due to page load.
2015-01-27 16:37:37.169 BlueCarbonMobile[85776:21654876] Finished load of: file:///Users/andrea/Library/Developer/CoreSimulator/Devices/4179A0C9-7932-45E4-BA8D-45C9AFB2B825/data/Containers/Bundle/Application/FC1E56EE-786E-4A01-B6E9-0697EAD4766C/BlueCarbonMobile.app/www/index.html
2015-01-27 16:37:37.336 BlueCarbonMobile[85776:21654876] Detected docs path: /Users/andrea/Library/Developer/CoreSimulator/Devices/4179A0C9-7932-45E4-BA8D-45C9AFB2B825/data/Containers/Data/Application/128F1ACC-AF83-4934-AE46-623E37054ABA/Documents
2015-01-27 16:37:37.337 BlueCarbonMobile[85776:21654876] Good news: SQLite is thread safe!
2015-01-27 16:41:02.379 BlueCarbonMobile[85776:21661221] File Transfer Finished with response code 500
2015-01-27 16:41:02.386 BlueCarbonMobile[85776:21661221] FileTransferError {
    body = "<!DOCTYPE html>\n<html>\n<head>\n  <title>We're sorry, but something went wrong (500)</title>\n  <style type=\"text/css\">\n    body { background-color: #fff; color: #666; text-align: center; font-family: arial, sans-serif; }\n    div.dialog {\n      width: 25em;\n      padding: 0 4em;\n      margin: 4em auto 0 auto;\n      border: 1px solid #ccc;\n      border-right-color: #999;\n      border-bottom-color: #999;\n    }\n    h1 { font-size: 100%; color: #f00; line-height: 1.5em; }\n  </style>\n</head>\n\n<body>\n  <!-- This file lives in public/500.html -->\n  <div class=\"dialog\">\n    <h1>We're sorry, but something went wrong.</h1>\n  </div>\n</body>\n</html>\n";
    code = 3;
    "http_status" = 500;
    source = "http://bluecarbon.unepwcmc-012.vm.brightbox.net/areas/85/mbtiles/seagrass";
    target = "file:///Users/andrea/Library/Developer/CoreSimulator/Devices/4179A0C9-7932-45E4-BA8D-45C9AFB2B825/data/Containers/Data/Application/128F1ACC-AF83-4934-AE46-623E37054ABA/Documents/85-seagrass.mbtiles";
}
2015-01-27 16:41:02.428 BlueCarbonMobile[85776:21662173] File Transfer Finished with response code 500
2015-01-27 16:41:02.429 BlueCarbonMobile[85776:21662173] FileTransferError {
    body = "<!DOCTYPE html>\n<html>\n<head>\n  <title>We're sorry, but something went wrong (500)</title>\n  <style type=\"text/css\">\n    body { background-color: #fff; color: #666; text-align: center; font-family: arial, sans-serif; }\n    div.dialog {\n      width: 25em;\n      padding: 0 4em;\n      margin: 4em auto 0 auto;\n      border: 1px solid #ccc;\n      border-right-color: #999;\n      border-bottom-color: #999;\n    }\n    h1 { font-size: 100%; color: #f00; line-height: 1.5em; }\n  </style>\n</head>\n\n<body>\n  <!-- This file lives in public/500.html -->\n  <div class=\"dialog\">\n    <h1>We're sorry, but something went wrong.</h1>\n  </div>\n</body>\n</html>\n";
    code = 3;
    "http_status" = 500;
    source = "http://bluecarbon.unepwcmc-012.vm.brightbox.net/areas/85/mbtiles/mangrove";
    target = "file:///Users/andrea/Library/Developer/CoreSimulator/Devices/4179A0C9-7932-45E4-BA8D-45C9AFB2B825/data/Containers/Data/Application/128F1ACC-AF83-4934-AE46-623E37054ABA/Documents/85-mangrove.mbtiles";
}
2015-01-27 16:41:02.456 BlueCarbonMobile[85776:21662172] File Transfer Finished with response code 500
2015-01-27 16:41:02.456 BlueCarbonMobile[85776:21662172] FileTransferError {
    body = "<!DOCTYPE html>\n<html>\n<head>\n  <title>We're sorry, but something went wrong (500)</title>\n  <style type=\"text/css\">\n    body { background-color: #fff; color: #666; text-align: center; font-family: arial, sans-serif; }\n    div.dialog {\n      width: 25em;\n      padding: 0 4em;\n      margin: 4em auto 0 auto;\n      border: 1px solid #ccc;\n      border-right-color: #999;\n      border-bottom-color: #999;\n    }\n    h1 { font-size: 100%; color: #f00; line-height: 1.5em; }\n  </style>\n</head>\n\n<body>\n  <!-- This file lives in public/500.html -->\n  <div class=\"dialog\">\n    <h1>We're sorry, but something went wrong.</h1>\n  </div>\n</body>\n</html>\n";
    code = 3;
    "http_status" = 500;
    source = "http://bluecarbon.unepwcmc-012.vm.brightbox.net/areas/85/mbtiles/algal_mat";
    target = "file:///Users/andrea/Library/Developer/CoreSimulator/Devices/4179A0C9-7932-45E4-BA8D-45C9AFB2B825/data/Containers/Data/Application/128F1ACC-AF83-4934-AE46-623E37054ABA/Documents/85-algal_mat.mbtiles";
}
2015-01-27 16:41:02.487 BlueCarbonMobile[85776:21662172] File Transfer Finished with response code 500
2015-01-27 16:41:02.488 BlueCarbonMobile[85776:21662172] FileTransferError {
    body = "<!DOCTYPE html>\n<html>\n<head>\n  <title>We're sorry, but something went wrong (500)</title>\n  <style type=\"text/css\">\n    body { background-color: #fff; color: #666; text-align: center; font-family: arial, sans-serif; }\n    div.dialog {\n      width: 25em;\n      padding: 0 4em;\n      margin: 4em auto 0 auto;\n      border: 1px solid #ccc;\n      border-right-color: #999;\n      border-bottom-color: #999;\n    }\n    h1 { font-size: 100%; color: #f00; line-height: 1.5em; }\n  </style>\n</head>\n\n<body>\n  <!-- This file lives in public/500.html -->\n  <div class=\"dialog\">\n    <h1>We're sorry, but something went wrong.</h1>\n  </div>\n</body>\n</html>\n";
    code = 3;
    "http_status" = 500;
    source = "http://bluecarbon.unepwcmc-012.vm.brightbox.net/areas/85/mbtiles/sabkha";
    target = "file:///Users/andrea/Library/Developer/CoreSimulator/Devices/4179A0C9-7932-45E4-BA8D-45C9AFB2B825/data/Containers/Data/Application/128F1ACC-AF83-4934-AE46-623E37054ABA/Documents/85-sabkha.mbtiles";
}
2015-01-27 16:41:02.503 BlueCarbonMobile[85776:21656517] File Transfer Finished with response code 500
2015-01-27 16:41:02.504 BlueCarbonMobile[85776:21656517] FileTransferError {
    body = "<!DOCTYPE html>\n<html>\n<head>\n  <title>We're sorry, but something went wrong (500)</title>\n  <style type=\"text/css\">\n    body { background-color: #fff; color: #666; text-align: center; font-family: arial, sans-serif; }\n    div.dialog {\n      width: 25em;\n      padding: 0 4em;\n      margin: 4em auto 0 auto;\n      border: 1px solid #ccc;\n      border-right-color: #999;\n      border-bottom-color: #999;\n    }\n    h1 { font-size: 100%; color: #f00; line-height: 1.5em; }\n  </style>\n</head>\n\n<body>\n  <!-- This file lives in public/500.html -->\n  <div class=\"dialog\">\n    <h1>We're sorry, but something went wrong.</h1>\n  </div>\n</body>\n</html>\n";
    code = 3;
    "http_status" = 500;
    source = "http://bluecarbon.unepwcmc-012.vm.brightbox.net/areas/85/mbtiles/other";
    target = "file:///Users/andrea/Library/Developer/CoreSimulator/Devices/4179A0C9-7932-45E4-BA8D-45C9AFB2B825/data/Containers/Data/Application/128F1ACC-AF83-4934-AE46-623E37054ABA/Documents/85-other.mbtiles";
}
2015-01-27 16:41:02.525 BlueCarbonMobile[85776:21656517] File Transfer Finished with response code 500
2015-01-27 16:41:02.525 BlueCarbonMobile[85776:21656517] FileTransferError {
    body = "<!DOCTYPE html>\n<html>\n<head>\n  <title>We're sorry, but something went wrong (500)</title>\n  <style type=\"text/css\">\n    body { background-color: #fff; color: #666; text-align: center; font-family: arial, sans-serif; }\n    div.dialog {\n      width: 25em;\n      padding: 0 4em;\n      margin: 4em auto 0 auto;\n      border: 1px solid #ccc;\n      border-right-color: #999;\n      border-bottom-color: #999;\n    }\n    h1 { font-size: 100%; color: #f00; line-height: 1.5em; }\n  </style>\n</head>\n\n<body>\n  <!-- This file lives in public/500.html -->\n  <div class=\"dialog\">\n    <h1>We're sorry, but something went wrong.</h1>\n  </div>\n</body>\n</html>\n";
    code = 3;
    "http_status" = 500;
    source = "http://bluecarbon.unepwcmc-012.vm.brightbox.net/areas/85/mbtiles/saltmarsh";
    target = "file:///Users/andrea/Library/Developer/CoreSimulator/Devices/4179A0C9-7932-45E4-BA8D-45C9AFB2B825/data/Containers/Data/Application/128F1ACC-AF83-4934-AE46-623E37054ABA/Documents/85-saltmarsh.mbtiles";
}
2015-01-27 16:59:36.009 BlueCarbonMobile[85776:21691962] File Transfer Finished with response code 500
2015-01-27 16:59:36.011 BlueCarbonMobile[85776:21691962] FileTransferError {
    body = "<!DOCTYPE html>\n<html>\n<head>\n  <title>We're sorry, but something went wrong (500)</title>\n  <style type=\"text/css\">\n    body { background-color: #fff; color: #666; text-align: center; font-family: arial, sans-serif; }\n    div.dialog {\n      width: 25em;\n      padding: 0 4em;\n      margin: 4em auto 0 auto;\n      border: 1px solid #ccc;\n      border-right-color: #999;\n      border-bottom-color: #999;\n    }\n    h1 { font-size: 100%; color: #f00; line-height: 1.5em; }\n  </style>\n</head>\n\n<body>\n  <!-- This file lives in public/500.html -->\n  <div class=\"dialog\">\n    <h1>We're sorry, but something went wrong.</h1>\n  </div>\n</body>\n</html>\n";
    code = 3;
    "http_status" = 500;
    source = "http://bluecarbon.unepwcmc-012.vm.brightbox.net/areas/84/mbtiles/other";
    target = "file:///Users/andrea/Library/Developer/CoreSimulator/Devices/4179A0C9-7932-45E4-BA8D-45C9AFB2B825/data/Containers/Data/Application/128F1ACC-AF83-4934-AE46-623E37054ABA/Documents/84-other.mbtiles";
}
2015-01-27 16:59:36.018 BlueCarbonMobile[85776:21692512] File Transfer Finished with response code 500
2015-01-27 16:59:36.018 BlueCarbonMobile[85776:21692512] FileTransferError {
    body = "<!DOCTYPE html>\n<html>\n<head>\n  <title>We're sorry, but something went wrong (500)</title>\n  <style type=\"text/css\">\n    body { background-color: #fff; color: #666; text-align: center; font-family: arial, sans-serif; }\n    div.dialog {\n      width: 25em;\n      padding: 0 4em;\n      margin: 4em auto 0 auto;\n      border: 1px solid #ccc;\n      border-right-color: #999;\n      border-bottom-color: #999;\n    }\n    h1 { font-size: 100%; color: #f00; line-height: 1.5em; }\n  </style>\n</head>\n\n<body>\n  <!-- This file lives in public/500.html -->\n  <div class=\"dialog\">\n    <h1>We're sorry, but something went wrong.</h1>\n  </div>\n</body>\n</html>\n";
    code = 3;
    "http_status" = 500;
    source = "http://bluecarbon.unepwcmc-012.vm.brightbox.net/areas/84/mbtiles/mangrove";
    target = "file:///Users/andrea/Library/Developer/CoreSimulator/Devices/4179A0C9-7932-45E4-BA8D-45C9AFB2B825/data/Containers/Data/Application/128F1ACC-AF83-4934-AE46-623E37054ABA/Documents/84-mangrove.mbtiles";
}
2015-01-27 16:59:36.034 BlueCarbonMobile[85776:21692515] File Transfer Finished with response code 500
2015-01-27 16:59:36.034 BlueCarbonMobile[85776:21692515] FileTransferError {
    body = "<!DOCTYPE html>\n<html>\n<head>\n  <title>We're sorry, but something went wrong (500)</title>\n  <style type=\"text/css\">\n    body { background-color: #fff; color: #666; text-align: center; font-family: arial, sans-serif; }\n    div.dialog {\n      width: 25em;\n      padding: 0 4em;\n      margin: 4em auto 0 auto;\n      border: 1px solid #ccc;\n      border-right-color: #999;\n      border-bottom-color: #999;\n    }\n    h1 { font-size: 100%; color: #f00; line-height: 1.5em; }\n  </style>\n</head>\n\n<body>\n  <!-- This file lives in public/500.html -->\n  <div class=\"dialog\">\n    <h1>We're sorry, but something went wrong.</h1>\n  </div>\n</body>\n</html>\n";
    code = 3;
    "http_status" = 500;
    source = "http://bluecarbon.unepwcmc-012.vm.brightbox.net/areas/84/mbtiles/seagrass";
    target = "file:///Users/andrea/Library/Developer/CoreSimulator/Devices/4179A0C9-7932-45E4-BA8D-45C9AFB2B825/data/Containers/Data/Application/128F1ACC-AF83-4934-AE46-623E37054ABA/Documents/84-seagrass.mbtiles";
}
2015-01-27 16:59:36.043 BlueCarbonMobile[85776:21691962] File Transfer Finished with response code 500
2015-01-27 16:59:36.043 BlueCarbonMobile[85776:21691962] FileTransferError {
    body = "<!DOCTYPE html>\n<html>\n<head>\n  <title>We're sorry, but something went wrong (500)</title>\n  <style type=\"text/css\">\n    body { background-color: #fff; color: #666; text-align: center; font-family: arial, sans-serif; }\n    div.dialog {\n      width: 25em;\n      padding: 0 4em;\n      margin: 4em auto 0 auto;\n      border: 1px solid #ccc;\n      border-right-color: #999;\n      border-bottom-color: #999;\n    }\n    h1 { font-size: 100%; color: #f00; line-height: 1.5em; }\n  </style>\n</head>\n\n<body>\n  <!-- This file lives in public/500.html -->\n  <div class=\"dialog\">\n    <h1>We're sorry, but something went wrong.</h1>\n  </div>\n</body>\n</html>\n";
    code = 3;
    "http_status" = 500;
    source = "http://bluecarbon.unepwcmc-012.vm.brightbox.net/areas/84/mbtiles/sabkha";
    target = "file:///Users/andrea/Library/Developer/CoreSimulator/Devices/4179A0C9-7932-45E4-BA8D-45C9AFB2B825/data/Containers/Data/Application/128F1ACC-AF83-4934-AE46-623E37054ABA/Documents/84-sabkha.mbtiles";
}
2015-01-27 16:59:36.055 BlueCarbonMobile[85776:21692512] File Transfer Finished with response code 500
2015-01-27 16:59:36.056 BlueCarbonMobile[85776:21692512] FileTransferError {
    body = "<!DOCTYPE html>\n<html>\n<head>\n  <title>We're sorry, but something went wrong (500)</title>\n  <style type=\"text/css\">\n    body { background-color: #fff; color: #666; text-align: center; font-family: arial, sans-serif; }\n    div.dialog {\n      width: 25em;\n      padding: 0 4em;\n      margin: 4em auto 0 auto;\n      border: 1px solid #ccc;\n      border-right-color: #999;\n      border-bottom-color: #999;\n    }\n    h1 { font-size: 100%; color: #f00; line-height: 1.5em; }\n  </style>\n</head>\n\n<body>\n  <!-- This file lives in public/500.html -->\n  <div class=\"dialog\">\n    <h1>We're sorry, but something went wrong.</h1>\n  </div>\n</body>\n</html>\n";
    code = 3;
    "http_status" = 500;
    source = "http://bluecarbon.unepwcmc-012.vm.brightbox.net/areas/84/mbtiles/saltmarsh";
    target = "file:///Users/andrea/Library/Developer/CoreSimulator/Devices/4179A0C9-7932-45E4-BA8D-45C9AFB2B825/data/Containers/Data/Application/128F1ACC-AF83-4934-AE46-623E37054ABA/Documents/84-saltmarsh.mbtiles";
}
2015-01-27 16:59:36.126 BlueCarbonMobile[85776:21692512] File Transfer Finished with response code 500
2015-01-27 16:59:36.126 BlueCarbonMobile[85776:21692512] FileTransferError {
    body = "<!DOCTYPE html>\n<html>\n<head>\n  <title>We're sorry, but something went wrong (500)</title>\n  <style type=\"text/css\">\n    body { background-color: #fff; color: #666; text-align: center; font-family: arial, sans-serif; }\n    div.dialog {\n      width: 25em;\n      padding: 0 4em;\n      margin: 4em auto 0 auto;\n      border: 1px solid #ccc;\n      border-right-color: #999;\n      border-bottom-color: #999;\n    }\n    h1 { font-size: 100%; color: #f00; line-height: 1.5em; }\n  </style>\n</head>\n\n<body>\n  <!-- This file lives in public/500.html -->\n  <div class=\"dialog\">\n    <h1>We're sorry, but something went wrong.</h1>\n  </div>\n</body>\n</html>\n";
    code = 3;
    "http_status" = 500;
    source = "http://bluecarbon.unepwcmc-012.vm.brightbox.net/areas/84/mbtiles/algal_mat";
    target = "file:///Users/andrea/Library/Developer/CoreSimulator/Devices/4179A0C9-7932-45E4-BA8D-45C9AFB2B825/data/Containers/Data/Application/128F1ACC-AF83-4934-AE46-623E37054ABA/Documents/84-algal_mat.mbtiles";
}
2015-01-27 17:05:04.786 BlueCarbonMobile[16127:21707268] DiskCookieStorage changing policy from 2 to 0, cookie file: file:///Users/andrea/Library/Developer/CoreSimulator/Devices/4179A0C9-7932-45E4-BA8D-45C9AFB2B825/data/Containers/Data/Application/A39F52C1-6268-48D0-AE0F-C7A8458966B5/Library/Cookies/Cookies.binarycookies
2015-01-27 17:05:05.074 BlueCarbonMobile[16127:21707268] Apache Cordova native platform version 3.7.0 is starting.
2015-01-27 17:05:05.074 BlueCarbonMobile[16127:21707268] Multi-tasking -> Device: YES, App: YES
2015-01-27 17:05:05.091 BlueCarbonMobile[16127:21707268] Unlimited access to network resources
2015-01-27 17:05:05.098 BlueCarbonMobile[16127:21707268] 

Started backup to iCloud! Please be careful.
Your application might be rejected by Apple if you store too much data.
For more information please read "iOS Data Storage Guidelines" at:
https://developer.apple.com/icloud/documentation/data-storage/
To disable web storage backup to iCloud, set the BackupWebStorage preference to "local" in the Cordova config.xml file

2015-01-27 17:05:05.400 BlueCarbonMobile[16127:21707268] [CDVTimer][file] 12.757003ms
2015-01-27 17:05:05.400 BlueCarbonMobile[16127:21707268] [CDVTimer][TotalPluginStartup] 12.980998ms
2015-01-27 17:05:05.832 BlueCarbonMobile[16127:21707268] Resetting plugins due to page load.
2015-01-27 17:05:06.103 BlueCarbonMobile[16127:21707268] Finished load of: file:///Users/andrea/Library/Developer/CoreSimulator/Devices/4179A0C9-7932-45E4-BA8D-45C9AFB2B825/data/Containers/Bundle/Application/6219595D-B8B5-4290-A4AA-9BC845F289C9/BlueCarbonMobile.app/www/index.html
2015-01-27 17:05:06.200 BlueCarbonMobile[16127:21707268] Detected docs path: /Users/andrea/Library/Developer/CoreSimulator/Devices/4179A0C9-7932-45E4-BA8D-45C9AFB2B825/data/Containers/Data/Application/A39F52C1-6268-48D0-AE0F-C7A8458966B5/Documents
2015-01-27 17:05:06.215 BlueCarbonMobile[16127:21707268] Good news: SQLite is thread safe!
2015-01-27 17:05:06.215 BlueCarbonMobile[16127:21707268] THREAD WARNING: ['SQLitePlugin'] took '14.774902' ms. Plugin should use a background thread.
2015-01-27 17:07:43.668 BlueCarbonMobile[23018:21716737] DiskCookieStorage changing policy from 2 to 0, cookie file: file:///Users/andrea/Library/Developer/CoreSimulator/Devices/4179A0C9-7932-45E4-BA8D-45C9AFB2B825/data/Containers/Data/Application/DE5F72C7-9852-41E9-B6F8-049BBFE6A0A8/Library/Cookies/Cookies.binarycookies
2015-01-27 17:07:43.795 BlueCarbonMobile[23018:21716737] Apache Cordova native platform version 3.7.0 is starting.
2015-01-27 17:07:43.795 BlueCarbonMobile[23018:21716737] Multi-tasking -> Device: YES, App: YES
2015-01-27 17:07:43.796 BlueCarbonMobile[23018:21716737] Unlimited access to network resources
2015-01-27 17:07:43.798 BlueCarbonMobile[23018:21716737] 

Started backup to iCloud! Please be careful.
Your application might be rejected by Apple if you store too much data.
For more information please read "iOS Data Storage Guidelines" at:
https://developer.apple.com/icloud/documentation/data-storage/
To disable web storage backup to iCloud, set the BackupWebStorage preference to "local" in the Cordova config.xml file

2015-01-27 17:07:43.980 BlueCarbonMobile[23018:21716737] [CDVTimer][file] 7.264972ms
2015-01-27 17:07:43.981 BlueCarbonMobile[23018:21716737] [CDVTimer][TotalPluginStartup] 7.495999ms
2015-01-27 17:07:44.181 BlueCarbonMobile[23018:21716737] Resetting plugins due to page load.
2015-01-27 17:07:44.328 BlueCarbonMobile[23018:21716737] Finished load of: file:///Users/andrea/Library/Developer/CoreSimulator/Devices/4179A0C9-7932-45E4-BA8D-45C9AFB2B825/data/Containers/Bundle/Application/523D4C33-0620-415A-AEAC-5C5A9FB088AC/BlueCarbonMobile.app/www/index.html
2015-01-27 17:07:44.467 BlueCarbonMobile[23018:21716737] Detected docs path: /Users/andrea/Library/Developer/CoreSimulator/Devices/4179A0C9-7932-45E4-BA8D-45C9AFB2B825/data/Containers/Data/Application/DE5F72C7-9852-41E9-B6F8-049BBFE6A0A8/Documents
2015-01-27 17:07:44.470 BlueCarbonMobile[23018:21716737] Good news: SQLite is thread safe!
2015-01-27 17:13:47.004 BlueCarbonMobile[43172:21743418] DiskCookieStorage changing policy from 2 to 0, cookie file: file:///Users/andrea/Library/Developer/CoreSimulator/Devices/4179A0C9-7932-45E4-BA8D-45C9AFB2B825/data/Containers/Data/Application/075337CE-4B9F-4157-ABDB-AA7F0CFE1347/Library/Cookies/Cookies.binarycookies
2015-01-27 17:13:47.350 BlueCarbonMobile[43172:21743418] Apache Cordova native platform version 3.7.0 is starting.
2015-01-27 17:13:47.350 BlueCarbonMobile[43172:21743418] Multi-tasking -> Device: YES, App: YES
2015-01-27 17:13:47.365 BlueCarbonMobile[43172:21743418] Unlimited access to network resources
2015-01-27 17:13:47.374 BlueCarbonMobile[43172:21743418] 

Started backup to iCloud! Please be careful.
Your application might be rejected by Apple if you store too much data.
For more information please read "iOS Data Storage Guidelines" at:
https://developer.apple.com/icloud/documentation/data-storage/
To disable web storage backup to iCloud, set the BackupWebStorage preference to "local" in the Cordova config.xml file

2015-01-27 17:13:47.793 BlueCarbonMobile[43172:21743418] [CDVTimer][file] 10.185003ms
2015-01-27 17:13:47.794 BlueCarbonMobile[43172:21743418] [CDVTimer][TotalPluginStartup] 10.401011ms
2015-01-27 17:13:48.142 BlueCarbonMobile[43172:21743418] Resetting plugins due to page load.
2015-01-27 17:13:48.393 BlueCarbonMobile[43172:21743418] Finished load of: file:///Users/andrea/Library/Developer/CoreSimulator/Devices/4179A0C9-7932-45E4-BA8D-45C9AFB2B825/data/Containers/Bundle/Application/C2757CFC-2313-4E23-B4C7-6BD0D1452AD7/BlueCarbonMobile.app/www/index.html
2015-01-27 17:13:48.492 BlueCarbonMobile[43172:21743418] Detected docs path: /Users/andrea/Library/Developer/CoreSimulator/Devices/4179A0C9-7932-45E4-BA8D-45C9AFB2B825/data/Containers/Data/Application/075337CE-4B9F-4157-ABDB-AA7F0CFE1347/Documents
2015-01-27 17:13:48.506 BlueCarbonMobile[43172:21743418] Good news: SQLite is thread safe!
2015-01-27 17:13:48.506 BlueCarbonMobile[43172:21743418] THREAD WARNING: ['SQLitePlugin'] took '14.461182' ms. Plugin should use a background thread.
2015-01-27 17:17:18.454 BlueCarbonMobile[49239:21752870] DiskCookieStorage changing policy from 2 to 0, cookie file: file:///Users/andrea/Library/Developer/CoreSimulator/Devices/4179A0C9-7932-45E4-BA8D-45C9AFB2B825/data/Containers/Data/Application/833C2CB6-BDEE-4A5A-A164-F3D51926BE4C/Library/Cookies/Cookies.binarycookies
2015-01-27 17:17:18.530 BlueCarbonMobile[49239:21752870] Apache Cordova native platform version 3.7.0 is starting.
2015-01-27 17:17:18.530 BlueCarbonMobile[49239:21752870] Multi-tasking -> Device: YES, App: YES
2015-01-27 17:17:18.531 BlueCarbonMobile[49239:21752870] Unlimited access to network resources
2015-01-27 17:17:18.534 BlueCarbonMobile[49239:21752870] 

Started backup to iCloud! Please be careful.
Your application might be rejected by Apple if you store too much data.
For more information please read "iOS Data Storage Guidelines" at:
https://developer.apple.com/icloud/documentation/data-storage/
To disable web storage backup to iCloud, set the BackupWebStorage preference to "local" in the Cordova config.xml file

2015-01-27 17:17:18.711 BlueCarbonMobile[49239:21752870] [CDVTimer][file] 2.807021ms
2015-01-27 17:17:18.743 BlueCarbonMobile[49239:21752870] [CDVTimer][statusbar] 31.967998ms
2015-01-27 17:17:18.743 BlueCarbonMobile[49239:21752870] [CDVTimer][TotalPluginStartup] 35.119951ms
2015-01-27 17:17:19.168 BlueCarbonMobile[49239:21752870] Resetting plugins due to page load.
2015-01-27 17:17:19.320 BlueCarbonMobile[49239:21752870] Finished load of: file:///Users/andrea/Library/Developer/CoreSimulator/Devices/4179A0C9-7932-45E4-BA8D-45C9AFB2B825/data/Containers/Bundle/Application/097E35E2-EAC4-4D45-8997-E076D7E93FE6/BlueCarbonMobile.app/www/index.html
2015-01-27 17:17:19.407 BlueCarbonMobile[49239:21752870] Detected docs path: /Users/andrea/Library/Developer/CoreSimulator/Devices/4179A0C9-7932-45E4-BA8D-45C9AFB2B825/data/Containers/Data/Application/833C2CB6-BDEE-4A5A-A164-F3D51926BE4C/Documents
2015-01-27 17:17:19.408 BlueCarbonMobile[49239:21752870] Good news: SQLite is thread safe!
2015-01-27 17:19:44.508 BlueCarbonMobile[55090:21761670] DiskCookieStorage changing policy from 2 to 0, cookie file: file:///Users/andrea/Library/Developer/CoreSimulator/Devices/4179A0C9-7932-45E4-BA8D-45C9AFB2B825/data/Containers/Data/Application/51C0BCD6-F625-4F8E-B821-BE3DF1C7DEC9/Library/Cookies/Cookies.binarycookies
2015-01-27 17:19:44.635 BlueCarbonMobile[55090:21761670] Apache Cordova native platform version 3.7.0 is starting.
2015-01-27 17:19:44.635 BlueCarbonMobile[55090:21761670] Multi-tasking -> Device: YES, App: YES
2015-01-27 17:19:44.636 BlueCarbonMobile[55090:21761670] Unlimited access to network resources
2015-01-27 17:19:44.638 BlueCarbonMobile[55090:21761670] 

Started backup to iCloud! Please be careful.
Your application might be rejected by Apple if you store too much data.
For more information please read "iOS Data Storage Guidelines" at:
https://developer.apple.com/icloud/documentation/data-storage/
To disable web storage backup to iCloud, set the BackupWebStorage preference to "local" in the Cordova config.xml file

2015-01-27 17:19:44.836 BlueCarbonMobile[55090:21761670] [CDVTimer][file] 6.837964ms
2015-01-27 17:19:44.914 BlueCarbonMobile[55090:21761670] [CDVTimer][statusbar] 78.336000ms
2015-01-27 17:19:44.915 BlueCarbonMobile[55090:21761670] [CDVTimer][TotalPluginStartup] 85.538983ms
2015-01-27 17:19:45.372 BlueCarbonMobile[55090:21761670] Resetting plugins due to page load.
2015-01-27 17:19:45.484 BlueCarbonMobile[55090:21761670] Finished load of: file:///Users/andrea/Library/Developer/CoreSimulator/Devices/4179A0C9-7932-45E4-BA8D-45C9AFB2B825/data/Containers/Bundle/Application/96E4F022-783C-4D10-A135-C54C40EA0F23/BlueCarbonMobile.app/www/index.html
2015-01-27 17:19:45.555 BlueCarbonMobile[55090:21761670] Detected docs path: /Users/andrea/Library/Developer/CoreSimulator/Devices/4179A0C9-7932-45E4-BA8D-45C9AFB2B825/data/Containers/Data/Application/51C0BCD6-F625-4F8E-B821-BE3DF1C7DEC9/Documents
2015-01-27 17:19:45.556 BlueCarbonMobile[55090:21761670] Good news: SQLite is thread safe!
2015-01-27 17:20:42.741 BlueCarbonMobile[60113:21768114] DiskCookieStorage changing policy from 2 to 0, cookie file: file:///Users/andrea/Library/Developer/CoreSimulator/Devices/4179A0C9-7932-45E4-BA8D-45C9AFB2B825/data/Containers/Data/Application/BB4660FD-BD1F-41C0-922F-2F2C1A719701/Library/Cookies/Cookies.binarycookies
2015-01-27 17:20:42.818 BlueCarbonMobile[60113:21768114] Apache Cordova native platform version 3.7.0 is starting.
2015-01-27 17:20:42.818 BlueCarbonMobile[60113:21768114] Multi-tasking -> Device: YES, App: YES
2015-01-27 17:20:42.819 BlueCarbonMobile[60113:21768114] Unlimited access to network resources
2015-01-27 17:20:42.821 BlueCarbonMobile[60113:21768114] 

Started backup to iCloud! Please be careful.
Your application might be rejected by Apple if you store too much data.
For more information please read "iOS Data Storage Guidelines" at:
https://developer.apple.com/icloud/documentation/data-storage/
To disable web storage backup to iCloud, set the BackupWebStorage preference to "local" in the Cordova config.xml file

2015-01-27 17:20:42.988 BlueCarbonMobile[60113:21768114] [CDVTimer][file] 4.711986ms
2015-01-27 17:20:43.048 BlueCarbonMobile[60113:21768114] [CDVTimer][statusbar] 59.900999ms
2015-01-27 17:20:43.048 BlueCarbonMobile[60113:21768114] [CDVTimer][TotalPluginStartup] 64.936996ms
2015-01-27 17:20:43.484 BlueCarbonMobile[60113:21768114] Resetting plugins due to page load.
2015-01-27 17:20:43.596 BlueCarbonMobile[60113:21768114] Finished load of: file:///Users/andrea/Library/Developer/CoreSimulator/Devices/4179A0C9-7932-45E4-BA8D-45C9AFB2B825/data/Containers/Bundle/Application/6EB88C93-92B4-4C83-9710-5E518CE5DCBA/BlueCarbonMobile.app/www/index.html
2015-01-27 17:20:43.675 BlueCarbonMobile[60113:21768114] Detected docs path: /Users/andrea/Library/Developer/CoreSimulator/Devices/4179A0C9-7932-45E4-BA8D-45C9AFB2B825/data/Containers/Data/Application/BB4660FD-BD1F-41C0-922F-2F2C1A719701/Documents
2015-01-27 17:20:43.676 BlueCarbonMobile[60113:21768114] Good news: SQLite is thread safe!
2015-01-27 17:21:09.775 BlueCarbonMobile[60113:21768114] THREAD WARNING: ['Geolocation'] took '18.852051' ms. Plugin should use a background thread.
2015-01-27 17:21:09.796 BlueCarbonMobile[60113:21768114] locationManager::didFailWithError (null)
2015-01-27 17:21:17.195 BlueCarbonMobile[60113:21769213] File Transfer Finished with response code 500
2015-01-27 17:21:17.196 BlueCarbonMobile[60113:21769213] FileTransferError {
    body = "<!DOCTYPE html>\n<html>\n<head>\n  <title>We're sorry, but something went wrong (500)</title>\n  <style type=\"text/css\">\n    body { background-color: #fff; color: #666; text-align: center; font-family: arial, sans-serif; }\n    div.dialog {\n      width: 25em;\n      padding: 0 4em;\n      margin: 4em auto 0 auto;\n      border: 1px solid #ccc;\n      border-right-color: #999;\n      border-bottom-color: #999;\n    }\n    h1 { font-size: 100%; color: #f00; line-height: 1.5em; }\n  </style>\n</head>\n\n<body>\n  <!-- This file lives in public/500.html -->\n  <div class=\"dialog\">\n    <h1>We're sorry, but something went wrong.</h1>\n  </div>\n</body>\n</html>\n";
    code = 3;
    "http_status" = 500;
    source = "http://bluecarbon.unepwcmc-012.vm.brightbox.net/areas/85/mbtiles/seagrass";
    target = "file:///Users/andrea/Library/Developer/CoreSimulator/Devices/4179A0C9-7932-45E4-BA8D-45C9AFB2B825/data/Containers/Data/Application/BB4660FD-BD1F-41C0-922F-2F2C1A719701/Documents/85-seagrass.mbtiles";
}
2015-01-27 17:21:17.210 BlueCarbonMobile[60113:21768637] File Transfer Finished with response code 500
2015-01-27 17:21:17.210 BlueCarbonMobile[60113:21768637] FileTransferError {
    body = "<!DOCTYPE html>\n<html>\n<head>\n  <title>We're sorry, but something went wrong (500)</title>\n  <style type=\"text/css\">\n    body { background-color: #fff; color: #666; text-align: center; font-family: arial, sans-serif; }\n    div.dialog {\n      width: 25em;\n      padding: 0 4em;\n      margin: 4em auto 0 auto;\n      border: 1px solid #ccc;\n      border-right-color: #999;\n      border-bottom-color: #999;\n    }\n    h1 { font-size: 100%; color: #f00; line-height: 1.5em; }\n  </style>\n</head>\n\n<body>\n  <!-- This file lives in public/500.html -->\n  <div class=\"dialog\">\n    <h1>We're sorry, but something went wrong.</h1>\n  </div>\n</body>\n</html>\n";
    code = 3;
    "http_status" = 500;
    source = "http://bluecarbon.unepwcmc-012.vm.brightbox.net/areas/85/mbtiles/mangrove";
    target = "file:///Users/andrea/Library/Developer/CoreSimulator/Devices/4179A0C9-7932-45E4-BA8D-45C9AFB2B825/data/Containers/Data/Application/BB4660FD-BD1F-41C0-922F-2F2C1A719701/Documents/85-mangrove.mbtiles";
}
2015-01-27 17:21:17.217 BlueCarbonMobile[60113:21768637] File Transfer Finished with response code 500
2015-01-27 17:21:17.217 BlueCarbonMobile[60113:21768637] FileTransferError {
    body = "<!DOCTYPE html>\n<html>\n<head>\n  <title>We're sorry, but something went wrong (500)</title>\n  <style type=\"text/css\">\n    body { background-color: #fff; color: #666; text-align: center; font-family: arial, sans-serif; }\n    div.dialog {\n      width: 25em;\n      padding: 0 4em;\n      margin: 4em auto 0 auto;\n      border: 1px solid #ccc;\n      border-right-color: #999;\n      border-bottom-color: #999;\n    }\n    h1 { font-size: 100%; color: #f00; line-height: 1.5em; }\n  </style>\n</head>\n\n<body>\n  <!-- This file lives in public/500.html -->\n  <div class=\"dialog\">\n    <h1>We're sorry, but something went wrong.</h1>\n  </div>\n</body>\n</html>\n";
    code = 3;
    "http_status" = 500;
    source = "http://bluecarbon.unepwcmc-012.vm.brightbox.net/areas/85/mbtiles/other";
    target = "file:///Users/andrea/Library/Developer/CoreSimulator/Devices/4179A0C9-7932-45E4-BA8D-45C9AFB2B825/data/Containers/Data/Application/BB4660FD-BD1F-41C0-922F-2F2C1A719701/Documents/85-other.mbtiles";
}
2015-01-27 17:21:17.229 BlueCarbonMobile[60113:21769213] File Transfer Finished with response code 500
2015-01-27 17:21:17.229 BlueCarbonMobile[60113:21769213] FileTransferError {
    body = "<!DOCTYPE html>\n<html>\n<head>\n  <title>We're sorry, but something went wrong (500)</title>\n  <style type=\"text/css\">\n    body { background-color: #fff; color: #666; text-align: center; font-family: arial, sans-serif; }\n    div.dialog {\n      width: 25em;\n      padding: 0 4em;\n      margin: 4em auto 0 auto;\n      border: 1px solid #ccc;\n      border-right-color: #999;\n      border-bottom-color: #999;\n    }\n    h1 { font-size: 100%; color: #f00; line-height: 1.5em; }\n  </style>\n</head>\n\n<body>\n  <!-- This file lives in public/500.html -->\n  <div class=\"dialog\">\n    <h1>We're sorry, but something went wrong.</h1>\n  </div>\n</body>\n</html>\n";
    code = 3;
    "http_status" = 500;
    source = "http://bluecarbon.unepwcmc-012.vm.brightbox.net/areas/85/mbtiles/sabkha";
    target = "file:///Users/andrea/Library/Developer/CoreSimulator/Devices/4179A0C9-7932-45E4-BA8D-45C9AFB2B825/data/Containers/Data/Application/BB4660FD-BD1F-41C0-922F-2F2C1A719701/Documents/85-sabkha.mbtiles";
}
2015-01-27 17:21:17.236 BlueCarbonMobile[60113:21768224] File Transfer Finished with response code 500
2015-01-27 17:21:17.236 BlueCarbonMobile[60113:21768224] FileTransferError {
    body = "<!DOCTYPE html>\n<html>\n<head>\n  <title>We're sorry, but something went wrong (500)</title>\n  <style type=\"text/css\">\n    body { background-color: #fff; color: #666; text-align: center; font-family: arial, sans-serif; }\n    div.dialog {\n      width: 25em;\n      padding: 0 4em;\n      margin: 4em auto 0 auto;\n      border: 1px solid #ccc;\n      border-right-color: #999;\n      border-bottom-color: #999;\n    }\n    h1 { font-size: 100%; color: #f00; line-height: 1.5em; }\n  </style>\n</head>\n\n<body>\n  <!-- This file lives in public/500.html -->\n  <div class=\"dialog\">\n    <h1>We're sorry, but something went wrong.</h1>\n  </div>\n</body>\n</html>\n";
    code = 3;
    "http_status" = 500;
    source = "http://bluecarbon.unepwcmc-012.vm.brightbox.net/areas/85/mbtiles/saltmarsh";
    target = "file:///Users/andrea/Library/Developer/CoreSimulator/Devices/4179A0C9-7932-45E4-BA8D-45C9AFB2B825/data/Containers/Data/Application/BB4660FD-BD1F-41C0-922F-2F2C1A719701/Documents/85-saltmarsh.mbtiles";
}
2015-01-27 17:21:17.244 BlueCarbonMobile[60113:21769264] File Transfer Finished with response code 500
2015-01-27 17:21:17.245 BlueCarbonMobile[60113:21769264] FileTransferError {
    body = "<!DOCTYPE html>\n<html>\n<head>\n  <title>We're sorry, but something went wrong (500)</title>\n  <style type=\"text/css\">\n    body { background-color: #fff; color: #666; text-align: center; font-family: arial, sans-serif; }\n    div.dialog {\n      width: 25em;\n      padding: 0 4em;\n      margin: 4em auto 0 auto;\n      border: 1px solid #ccc;\n      border-right-color: #999;\n      border-bottom-color: #999;\n    }\n    h1 { font-size: 100%; color: #f00; line-height: 1.5em; }\n  </style>\n</head>\n\n<body>\n  <!-- This file lives in public/500.html -->\n  <div class=\"dialog\">\n    <h1>We're sorry, but something went wrong.</h1>\n  </div>\n</body>\n</html>\n";
    code = 3;
    "http_status" = 500;
    source = "http://bluecarbon.unepwcmc-012.vm.brightbox.net/areas/85/mbtiles/algal_mat";
    target = "file:///Users/andrea/Library/Developer/CoreSimulator/Devices/4179A0C9-7932-45E4-BA8D-45C9AFB2B825/data/Containers/Data/Application/BB4660FD-BD1F-41C0-922F-2F2C1A719701/Documents/85-algal_mat.mbtiles";
}
2015-01-27 19:45:46.920 BlueCarbonMobile[83716:21808449] DiskCookieStorage changing policy from 2 to 0, cookie file: file:///Users/andrea/Library/Developer/CoreSimulator/Devices/4179A0C9-7932-45E4-BA8D-45C9AFB2B825/data/Containers/Data/Application/4B0D8801-7E8A-44CC-B376-AC3E3C6140CB/Library/Cookies/Cookies.binarycookies
2015-01-27 19:45:47.227 BlueCarbonMobile[83716:21808449] Apache Cordova native platform version 3.7.0 is starting.
2015-01-27 19:45:47.228 BlueCarbonMobile[83716:21808449] Multi-tasking -> Device: YES, App: YES
2015-01-27 19:45:47.244 BlueCarbonMobile[83716:21808449] Unlimited access to network resources
2015-01-27 19:45:47.255 BlueCarbonMobile[83716:21808449] 

Started backup to iCloud! Please be careful.
Your application might be rejected by Apple if you store too much data.
For more information please read "iOS Data Storage Guidelines" at:
https://developer.apple.com/icloud/documentation/data-storage/
To disable web storage backup to iCloud, set the BackupWebStorage preference to "local" in the Cordova config.xml file

2015-01-27 19:45:47.626 BlueCarbonMobile[83716:21808449] [CDVTimer][file] 6.805003ms
2015-01-27 19:45:47.748 BlueCarbonMobile[83716:21808449] [CDVTimer][statusbar] 121.333003ms
2015-01-27 19:45:47.748 BlueCarbonMobile[83716:21808449] [CDVTimer][TotalPluginStartup] 128.464997ms
2015-01-27 19:45:48.240 BlueCarbonMobile[83716:21808449] Resetting plugins due to page load.
2015-01-27 19:45:48.479 BlueCarbonMobile[83716:21808449] Finished load of: file:///Users/andrea/Library/Developer/CoreSimulator/Devices/4179A0C9-7932-45E4-BA8D-45C9AFB2B825/data/Containers/Bundle/Application/8E930008-0C6B-4054-807F-932A13187423/BlueCarbonMobile.app/www/index.html
2015-01-27 19:45:48.599 BlueCarbonMobile[83716:21808449] Detected docs path: /Users/andrea/Library/Developer/CoreSimulator/Devices/4179A0C9-7932-45E4-BA8D-45C9AFB2B825/data/Containers/Data/Application/4B0D8801-7E8A-44CC-B376-AC3E3C6140CB/Documents
2015-01-27 19:45:48.614 BlueCarbonMobile[83716:21808449] Good news: SQLite is thread safe!
2015-01-27 19:45:48.614 BlueCarbonMobile[83716:21808449] THREAD WARNING: ['SQLitePlugin'] took '15.176025' ms. Plugin should use a background thread.
2015-01-28 11:40:10.683 BlueCarbonMobile[23363:22359162] DiskCookieStorage changing policy from 2 to 0, cookie file: file:///Users/andrea/Library/Developer/CoreSimulator/Devices/4179A0C9-7932-45E4-BA8D-45C9AFB2B825/data/Containers/Data/Application/D52A660A-67A9-469D-9AF4-451773728510/Library/Cookies/Cookies.binarycookies
2015-01-28 11:40:10.936 BlueCarbonMobile[23363:22359162] Apache Cordova native platform version 3.7.0 is starting.
2015-01-28 11:40:10.936 BlueCarbonMobile[23363:22359162] Multi-tasking -> Device: YES, App: YES
2015-01-28 11:40:10.950 BlueCarbonMobile[23363:22359162] Unlimited access to network resources
2015-01-28 11:40:10.960 BlueCarbonMobile[23363:22359162] 

Started backup to iCloud! Please be careful.
Your application might be rejected by Apple if you store too much data.
For more information please read "iOS Data Storage Guidelines" at:
https://developer.apple.com/icloud/documentation/data-storage/
To disable web storage backup to iCloud, set the BackupWebStorage preference to "local" in the Cordova config.xml file

2015-01-28 11:40:11.316 BlueCarbonMobile[23363:22359162] [CDVTimer][file] 11.157036ms
2015-01-28 11:40:11.445 BlueCarbonMobile[23363:22359162] [CDVTimer][statusbar] 128.691018ms
2015-01-28 11:40:11.445 BlueCarbonMobile[23363:22359162] [CDVTimer][TotalPluginStartup] 140.186012ms
2015-01-28 11:40:11.927 BlueCarbonMobile[23363:22359162] Resetting plugins due to page load.
2015-01-28 11:40:12.162 BlueCarbonMobile[23363:22359162] Finished load of: file:///Users/andrea/Library/Developer/CoreSimulator/Devices/4179A0C9-7932-45E4-BA8D-45C9AFB2B825/data/Containers/Bundle/Application/BC3E4431-9373-4D4F-AC94-F1306D3D6EB6/BlueCarbonMobile.app/www/index.html
2015-01-28 11:40:12.305 BlueCarbonMobile[23363:22359162] Detected docs path: /Users/andrea/Library/Developer/CoreSimulator/Devices/4179A0C9-7932-45E4-BA8D-45C9AFB2B825/data/Containers/Data/Application/D52A660A-67A9-469D-9AF4-451773728510/Documents
2015-01-28 11:40:12.321 BlueCarbonMobile[23363:22359162] Good news: SQLite is thread safe!
2015-01-28 11:40:12.322 BlueCarbonMobile[23363:22359162] THREAD WARNING: ['SQLitePlugin'] took '17.119873' ms. Plugin should use a background thread.
